{"C:\\Users\\Hemachandiran\\Internship\\Nearzro\\nearzro-backend\\src\\app.module.ts": {"path":"C:\\Users\\Hemachandiran\\Internship\\Nearzro\\nearzro-backend\\src\\app.module.ts","statementMap":{"0":{"start":{"line":1,"column":0},"end":{"line":1,"column":40}},"1":{"start":{"line":2,"column":0},"end":{"line":2,"column":46}},"2":{"start":{"line":3,"column":0},"end":{"line":3,"column":50}},"3":{"start":{"line":4,"column":0},"end":{"line":4,"column":52}},"4":{"start":{"line":5,"column":0},"end":{"line":5,"column":52}},"5":{"start":{"line":6,"column":0},"end":{"line":6,"column":28}},"6":{"start":{"line":7,"column":0},"end":{"line":7,"column":41}},"7":{"start":{"line":8,"column":0},"end":{"line":8,"column":53}},"8":{"start":{"line":9,"column":0},"end":{"line":9,"column":57}},"9":{"start":{"line":10,"column":0},"end":{"line":10,"column":42}},"10":{"start":{"line":12,"column":0},"end":{"line":12,"column":54}},"11":{"start":{"line":13,"column":0},"end":{"line":13,"column":57}},"12":{"start":{"line":14,"column":0},"end":{"line":14,"column":48}},"13":{"start":{"line":15,"column":0},"end":{"line":15,"column":51}},"14":{"start":{"line":16,"column":0},"end":{"line":16,"column":54}},"15":{"start":{"line":17,"column":0},"end":{"line":17,"column":54}},"16":{"start":{"line":18,"column":0},"end":{"line":18,"column":79}},"17":{"start":{"line":19,"column":0},"end":{"line":19,"column":64}},"18":{"start":{"line":20,"column":0},"end":{"line":20,"column":48}},"19":{"start":{"line":21,"column":0},"end":{"line":21,"column":60}},"20":{"start":{"line":22,"column":0},"end":{"line":22,"column":57}},"21":{"start":{"line":23,"column":0},"end":{"line":23,"column":65}},"22":{"start":{"line":24,"column":0},"end":{"line":24,"column":75}},"23":{"start":{"line":25,"column":0},"end":{"line":25,"column":45}},"24":{"start":{"line":26,"column":0},"end":{"line":26,"column":38}},"25":{"start":{"line":27,"column":0},"end":{"line":27,"column":54}},"26":{"start":{"line":28,"column":0},"end":{"line":28,"column":63}},"27":{"start":{"line":29,"column":0},"end":{"line":29,"column":57}},"28":{"start":{"line":30,"column":0},"end":{"line":30,"column":66}},"29":{"start":{"line":31,"column":0},"end":{"line":31,"column":57}},"30":{"start":{"line":32,"column":0},"end":{"line":32,"column":63}},"31":{"start":{"line":33,"column":0},"end":{"line":33,"column":63}},"32":{"start":{"line":172,"column":7},"end":{"line":172,"column":null}},"33":{"start":{"line":172,"column":13},"end":{"line":172,"column":22}},"34":{"start":{"line":172,"column":13},"end":{"line":172,"column":null}},"35":{"start":{"line":64,"column":25},"end":{"line":64,"column":58}},"36":{"start":{"line":66,"column":8},"end":{"line":92,"column":9}},"37":{"start":{"line":67,"column":24},"end":{"line":72,"column":12}},"38":{"start":{"line":71,"column":38},"end":{"line":71,"column":64}},"39":{"start":{"line":74,"column":10},"end":{"line":76,"column":13}},"40":{"start":{"line":75,"column":12},"end":{"line":75,"column":85}},"41":{"start":{"line":78,"column":10},"end":{"line":91,"column":12}},"42":{"start":{"line":81,"column":30},"end":{"line":81,"column":50}},"43":{"start":{"line":82,"column":16},"end":{"line":82,"column":56}},"44":{"start":{"line":85,"column":16},"end":{"line":85,"column":71}},"45":{"start":{"line":88,"column":16},"end":{"line":88,"column":37}},"46":{"start":{"line":95,"column":28},"end":{"line":95,"column":77}},"47":{"start":{"line":96,"column":8},"end":{"line":113,"column":10}},"48":{"start":{"line":99,"column":27},"end":{"line":99,"column":47}},"49":{"start":{"line":100,"column":14},"end":{"line":103,"column":15}},"50":{"start":{"line":101,"column":16},"end":{"line":101,"column":40}},"51":{"start":{"line":102,"column":16},"end":{"line":102,"column":28}},"52":{"start":{"line":104,"column":14},"end":{"line":104,"column":32}},"53":{"start":{"line":107,"column":14},"end":{"line":107,"column":79}},"54":{"start":{"line":110,"column":14},"end":{"line":110,"column":38}}},"fnMap":{"0":{"name":"(anonymous_2)","decl":{"start":{"line":62,"column":18},"end":{"line":62,"column":21}},"loc":{"start":{"line":62,"column":23},"end":{"line":114,"column":7}}},"1":{"name":"(anonymous_3)","decl":{"start":{"line":71,"column":27},"end":{"line":71,"column":28}},"loc":{"start":{"line":71,"column":38},"end":{"line":71,"column":64}}},"2":{"name":"(anonymous_4)","decl":{"start":{"line":74,"column":28},"end":{"line":74,"column":29}},"loc":{"start":{"line":74,"column":36},"end":{"line":76,"column":11}}},"3":{"name":"(anonymous_5)","decl":{"start":{"line":80,"column":19},"end":{"line":80,"column":24}},"loc":{"start":{"line":80,"column":41},"end":{"line":83,"column":15}}},"4":{"name":"(anonymous_6)","decl":{"start":{"line":84,"column":19},"end":{"line":84,"column":24}},"loc":{"start":{"line":84,"column":64},"end":{"line":86,"column":15}}},"5":{"name":"(anonymous_7)","decl":{"start":{"line":87,"column":19},"end":{"line":87,"column":24}},"loc":{"start":{"line":87,"column":41},"end":{"line":89,"column":15}}},"6":{"name":"(anonymous_8)","decl":{"start":{"line":98,"column":17},"end":{"line":98,"column":22}},"loc":{"start":{"line":98,"column":39},"end":{"line":105,"column":13}}},"7":{"name":"(anonymous_9)","decl":{"start":{"line":106,"column":17},"end":{"line":106,"column":22}},"loc":{"start":{"line":106,"column":62},"end":{"line":108,"column":13}}},"8":{"name":"(anonymous_10)","decl":{"start":{"line":109,"column":17},"end":{"line":109,"column":22}},"loc":{"start":{"line":109,"column":39},"end":{"line":111,"column":13}}}},"branchMap":{"0":{"loc":{"start":{"line":66,"column":8},"end":{"line":92,"column":9}},"type":"if","locations":[{"start":{"line":66,"column":8},"end":{"line":92,"column":9}},{"start":{},"end":{}}]},"1":{"loc":{"start":{"line":68,"column":18},"end":{"line":68,"column":55}},"type":"binary-expr","locations":[{"start":{"line":68,"column":18},"end":{"line":68,"column":40}},{"start":{"line":68,"column":44},"end":{"line":68,"column":55}}]},"2":{"loc":{"start":{"line":69,"column":18},"end":{"line":69,"column":56}},"type":"binary-expr","locations":[{"start":{"line":69,"column":18},"end":{"line":69,"column":48}},{"start":{"line":69,"column":52},"end":{"line":69,"column":56}}]},"3":{"loc":{"start":{"line":82,"column":23},"end":{"line":82,"column":55}},"type":"cond-expr","locations":[{"start":{"line":82,"column":31},"end":{"line":82,"column":48}},{"start":{"line":82,"column":51},"end":{"line":82,"column":55}}]},"4":{"loc":{"start":{"line":84,"column":51},"end":{"line":84,"column":60}},"type":"default-arg","locations":[{"start":{"line":84,"column":57},"end":{"line":84,"column":60}}]},"5":{"loc":{"start":{"line":100,"column":14},"end":{"line":103,"column":15}},"type":"if","locations":[{"start":{"line":100,"column":14},"end":{"line":103,"column":15}},{"start":{},"end":{}}]},"6":{"loc":{"start":{"line":100,"column":18},"end":{"line":100,"column":51}},"type":"binary-expr","locations":[{"start":{"line":100,"column":18},"end":{"line":100,"column":23}},{"start":{"line":100,"column":27},"end":{"line":100,"column":51}}]},"7":{"loc":{"start":{"line":106,"column":49},"end":{"line":106,"column":58}},"type":"default-arg","locations":[{"start":{"line":106,"column":55},"end":{"line":106,"column":58}}]},"8":{"loc":{"start":{"line":119,"column":14},"end":{"line":119,"column":51}},"type":"binary-expr","locations":[{"start":{"line":119,"column":14},"end":{"line":119,"column":36}},{"start":{"line":119,"column":40},"end":{"line":119,"column":51}}]},"9":{"loc":{"start":{"line":120,"column":14},"end":{"line":120,"column":52}},"type":"binary-expr","locations":[{"start":{"line":120,"column":14},"end":{"line":120,"column":44}},{"start":{"line":120,"column":48},"end":{"line":120,"column":52}}]}},"s":{"0":0,"1":0,"2":0,"3":0,"4":0,"5":0,"6":0,"7":0,"8":0,"9":0,"10":0,"11":0,"12":0,"13":0,"14":0,"15":0,"16":0,"17":0,"18":0,"19":0,"20":0,"21":0,"22":0,"23":0,"24":0,"25":0,"26":0,"27":0,"28":0,"29":0,"30":0,"31":0,"32":0,"33":0,"34":0,"35":0,"36":0,"37":0,"38":0,"39":0,"40":0,"41":0,"42":0,"43":0,"44":0,"45":0,"46":0,"47":0,"48":0,"49":0,"50":0,"51":0,"52":0,"53":0,"54":0},"f":{"0":0,"1":0,"2":0,"3":0,"4":0,"5":0,"6":0,"7":0,"8":0},"b":{"0":[0,0],"1":[0,0],"2":[0,0],"3":[0,0],"4":[0],"5":[0,0],"6":[0,0],"7":[0],"8":[0,0],"9":[0,0]}}
,"C:\\Users\\Hemachandiran\\Internship\\Nearzro\\nearzro-backend\\src\\main.ts": {"path":"C:\\Users\\Hemachandiran\\Internship\\Nearzro\\nearzro-backend\\src\\main.ts","statementMap":{"0":{"start":{"line":1,"column":0},"end":{"line":1,"column":43}},"1":{"start":{"line":2,"column":0},"end":{"line":2,"column":41}},"2":{"start":{"line":3,"column":0},"end":{"line":3,"column":65}},"3":{"start":{"line":4,"column":0},"end":{"line":4,"column":48}},"4":{"start":{"line":5,"column":0},"end":{"line":5,"column":41}},"5":{"start":{"line":6,"column":0},"end":{"line":6,"column":33}},"6":{"start":{"line":7,"column":0},"end":{"line":7,"column":29}},"7":{"start":{"line":11,"column":22},"end":{"line":16,"column":2}},"8":{"start":{"line":18,"column":16},"end":{"line":18,"column":21}},"9":{"start":{"line":19,"column":0},"end":{"line":30,"column":1}},"10":{"start":{"line":20,"column":2},"end":{"line":29,"column":3}},"11":{"start":{"line":21,"column":19},"end":{"line":21,"column":51}},"12":{"start":{"line":22,"column":4},"end":{"line":26,"column":5}},"13":{"start":{"line":23,"column":6},"end":{"line":23,"column":51}},"14":{"start":{"line":24,"column":6},"end":{"line":24,"column":23}},"15":{"start":{"line":25,"column":6},"end":{"line":25,"column":12}},"16":{"start":{"line":32,"column":0},"end":{"line":34,"column":1}},"17":{"start":{"line":33,"column":2},"end":{"line":33,"column":69}},"18":{"start":{"line":37,"column":14},"end":{"line":39,"column":4}},"19":{"start":{"line":42,"column":2},"end":{"line":53,"column":5}},"20":{"start":{"line":56,"column":2},"end":{"line":56,"column":29}},"21":{"start":{"line":59,"column":2},"end":{"line":59,"column":26}},"22":{"start":{"line":62,"column":2},"end":{"line":64,"column":5}},"23":{"start":{"line":67,"column":2},"end":{"line":76,"column":4}},"24":{"start":{"line":79,"column":24},"end":{"line":93,"column":12}},"25":{"start":{"line":95,"column":19},"end":{"line":95,"column":67}},"26":{"start":{"line":96,"column":2},"end":{"line":101,"column":5}},"27":{"start":{"line":104,"column":2},"end":{"line":104,"column":28}},"28":{"start":{"line":106,"column":15},"end":{"line":106,"column":39}},"29":{"start":{"line":107,"column":15},"end":{"line":107,"column":44}},"30":{"start":{"line":109,"column":2},"end":{"line":109,"column":31}},"31":{"start":{"line":110,"column":2},"end":{"line":110,"column":63}},"32":{"start":{"line":111,"column":2},"end":{"line":111,"column":75}},"33":{"start":{"line":112,"column":2},"end":{"line":112,"column":71}},"34":{"start":{"line":115,"column":0},"end":{"line":118,"column":3}},"35":{"start":{"line":116,"column":2},"end":{"line":116,"column":50}},"36":{"start":{"line":117,"column":2},"end":{"line":117,"column":18}}},"fnMap":{"0":{"name":"bootstrap","decl":{"start":{"line":36,"column":15},"end":{"line":36,"column":24}},"loc":{"start":{"line":36,"column":24},"end":{"line":113,"column":1}}},"1":{"name":"(anonymous_11)","decl":{"start":{"line":115,"column":18},"end":{"line":115,"column":19}},"loc":{"start":{"line":115,"column":26},"end":{"line":118,"column":1}}}},"branchMap":{"0":{"loc":{"start":{"line":22,"column":4},"end":{"line":26,"column":5}},"type":"if","locations":[{"start":{"line":22,"column":4},"end":{"line":26,"column":5}},{"start":{},"end":{}}]},"1":{"loc":{"start":{"line":22,"column":8},"end":{"line":22,"column":62}},"type":"binary-expr","locations":[{"start":{"line":22,"column":8},"end":{"line":22,"column":21}},{"start":{"line":22,"column":25},"end":{"line":22,"column":62}}]},"2":{"loc":{"start":{"line":32,"column":0},"end":{"line":34,"column":1}},"type":"if","locations":[{"start":{"line":32,"column":0},"end":{"line":34,"column":1}},{"start":{},"end":{}}]},"3":{"loc":{"start":{"line":48,"column":6},"end":{"line":48,"column":57}},"type":"binary-expr","locations":[{"start":{"line":48,"column":6},"end":{"line":48,"column":30}},{"start":{"line":48,"column":34},"end":{"line":48,"column":57}}]},"4":{"loc":{"start":{"line":106,"column":15},"end":{"line":106,"column":39}},"type":"binary-expr","locations":[{"start":{"line":106,"column":15},"end":{"line":106,"column":31}},{"start":{"line":106,"column":35},"end":{"line":106,"column":39}}]},"5":{"loc":{"start":{"line":107,"column":15},"end":{"line":107,"column":44}},"type":"binary-expr","locations":[{"start":{"line":107,"column":15},"end":{"line":107,"column":31}},{"start":{"line":107,"column":35},"end":{"line":107,"column":44}}]},"6":{"loc":{"start":{"line":112,"column":33},"end":{"line":112,"column":69}},"type":"binary-expr","locations":[{"start":{"line":112,"column":33},"end":{"line":112,"column":52}},{"start":{"line":112,"column":56},"end":{"line":112,"column":69}}]}},"s":{"0":0,"1":0,"2":0,"3":0,"4":0,"5":0,"6":0,"7":0,"8":0,"9":0,"10":0,"11":0,"12":0,"13":0,"14":0,"15":0,"16":0,"17":0,"18":0,"19":0,"20":0,"21":0,"22":0,"23":0,"24":0,"25":0,"26":0,"27":0,"28":0,"29":0,"30":0,"31":0,"32":0,"33":0,"34":0,"35":0,"36":0},"f":{"0":0,"1":0},"b":{"0":[0,0],"1":[0,0],"2":[0,0],"3":[0,0],"4":[0,0],"5":[0,0],"6":[0,0]}}
,"C:\\Users\\Hemachandiran\\Internship\\Nearzro\\nearzro-backend\\src\\ai-planner\\ai-planner.controller.ts": {"path":"C:\\Users\\Hemachandiran\\Internship\\Nearzro\\nearzro-backend\\src\\ai-planner\\ai-planner.controller.ts","statementMap":{"0":{"start":{"line":1,"column":0},"end":{"line":1,"column":null}},"1":{"start":{"line":9,"column":0},"end":{"line":9,"column":56}},"2":{"start":{"line":10,"column":0},"end":{"line":10,"column":54}},"3":{"start":{"line":11,"column":0},"end":{"line":11,"column":59}},"4":{"start":{"line":12,"column":0},"end":{"line":12,"column":57}},"5":{"start":{"line":18,"column":7},"end":{"line":47,"column":null}},"6":{"start":{"line":19,"column":22},"end":{"line":19,"column":31}},"7":{"start":{"line":24,"column":4},"end":{"line":24,"column":59}},"8":{"start":{"line":30,"column":4},"end":{"line":30,"column":64}},"9":{"start":{"line":36,"column":4},"end":{"line":36,"column":57}},"10":{"start":{"line":42,"column":4},"end":{"line":45,"column":6}},"11":{"start":{"line":18,"column":13},"end":{"line":18,"column":32}},"12":{"start":{"line":23,"column":2},"end":{"line":25,"column":null}},"13":{"start":{"line":29,"column":2},"end":{"line":31,"column":null}},"14":{"start":{"line":35,"column":2},"end":{"line":37,"column":null}},"15":{"start":{"line":41,"column":2},"end":{"line":46,"column":null}},"16":{"start":{"line":18,"column":13},"end":{"line":47,"column":null}}},"fnMap":{"0":{"name":"(anonymous_4)","decl":{"start":{"line":19,"column":2},"end":{"line":19,"column":22}},"loc":{"start":{"line":19,"column":47},"end":{"line":19,"column":51}}},"1":{"name":"(anonymous_5)","decl":{"start":{"line":23,"column":2},"end":{"line":23,"column":10}},"loc":{"start":{"line":23,"column":51},"end":{"line":25,"column":3}}},"2":{"name":"(anonymous_6)","decl":{"start":{"line":29,"column":2},"end":{"line":29,"column":12}},"loc":{"start":{"line":29,"column":48},"end":{"line":31,"column":3}}},"3":{"name":"(anonymous_7)","decl":{"start":{"line":35,"column":2},"end":{"line":35,"column":14}},"loc":{"start":{"line":35,"column":38},"end":{"line":37,"column":3}}},"4":{"name":"(anonymous_8)","decl":{"start":{"line":41,"column":2},"end":{"line":41,"column":12}},"loc":{"start":{"line":41,"column":48},"end":{"line":46,"column":3}}}},"branchMap":{"0":{"loc":{"start":{"line":23,"column":36},"end":{"line":23,"column":null}},"type":"cond-expr","locations":[{"start":{"line":23,"column":51},"end":{"line":23,"column":null}},{"start":{"line":23,"column":51},"end":{"line":23,"column":null}}]},"1":{"loc":{"start":{"line":23,"column":36},"end":{"line":23,"column":51}},"type":"binary-expr","locations":[{"start":{"line":23,"column":36},"end":{"line":23,"column":null}},{"start":{"line":23,"column":36},"end":{"line":23,"column":51}}]},"2":{"loc":{"start":{"line":19,"column":31},"end":{"line":19,"column":50}},"type":"cond-expr","locations":[{"start":{"line":19,"column":47},"end":{"line":19,"column":50}},{"start":{"line":19,"column":47},"end":{"line":19,"column":50}}]},"3":{"loc":{"start":{"line":19,"column":31},"end":{"line":19,"column":47}},"type":"binary-expr","locations":[{"start":{"line":19,"column":31},"end":{"line":19,"column":50}},{"start":{"line":19,"column":31},"end":{"line":19,"column":47}}]}},"s":{"0":0,"1":0,"2":0,"3":0,"4":0,"5":0,"6":0,"7":0,"8":0,"9":0,"10":0,"11":0,"12":0,"13":0,"14":0,"15":0,"16":0},"f":{"0":0,"1":0,"2":0,"3":0,"4":0},"b":{"0":[0,0],"1":[0,0],"2":[0,0],"3":[0,0]}}
,"C:\\Users\\Hemachandiran\\Internship\\Nearzro\\nearzro-backend\\src\\ai-planner\\ai-planner.module.ts": {"path":"C:\\Users\\Hemachandiran\\Internship\\Nearzro\\nearzro-backend\\src\\ai-planner\\ai-planner.module.ts","statementMap":{"0":{"start":{"line":1,"column":0},"end":{"line":1,"column":40}},"1":{"start":{"line":2,"column":0},"end":{"line":2,"column":62}},"2":{"start":{"line":3,"column":0},"end":{"line":3,"column":56}},"3":{"start":{"line":4,"column":0},"end":{"line":4,"column":61}},"4":{"start":{"line":5,"column":0},"end":{"line":5,"column":55}},"5":{"start":{"line":14,"column":7},"end":{"line":14,"column":null}},"6":{"start":{"line":14,"column":13},"end":{"line":14,"column":28}},"7":{"start":{"line":14,"column":13},"end":{"line":14,"column":null}}},"fnMap":{},"branchMap":{},"s":{"0":0,"1":0,"2":0,"3":0,"4":0,"5":0,"6":0,"7":0},"f":{},"b":{}}
,"C:\\Users\\Hemachandiran\\Internship\\Nearzro\\nearzro-backend\\src\\ai-planner\\ai-planner.service.ts": {"path":"C:\\Users\\Hemachandiran\\Internship\\Nearzro\\nearzro-backend\\src\\ai-planner\\ai-planner.service.ts","statementMap":{"0":{"start":{"line":1,"column":0},"end":{"line":1,"column":null}},"1":{"start":{"line":7,"column":0},"end":{"line":7,"column":57}},"2":{"start":{"line":8,"column":0},"end":{"line":8,"column":61}},"3":{"start":{"line":10,"column":0},"end":{"line":10,"column":66}},"4":{"start":{"line":11,"column":0},"end":{"line":11,"column":57}},"5":{"start":{"line":17,"column":0},"end":{"line":17,"column":54}},"6":{"start":{"line":38,"column":7},"end":{"line":245,"column":null}},"7":{"start":{"line":40,"column":21},"end":{"line":40,"column":29}},"8":{"start":{"line":41,"column":21},"end":{"line":41,"column":25}},"9":{"start":{"line":44,"column":44},"end":{"line":44,"column":56}},"10":{"start":{"line":55,"column":21},"end":{"line":55,"column":63}},"11":{"start":{"line":58,"column":19},"end":{"line":58,"column":50}},"12":{"start":{"line":59,"column":4},"end":{"line":61,"column":5}},"13":{"start":{"line":60,"column":6},"end":{"line":60,"column":20}},"14":{"start":{"line":65,"column":4},"end":{"line":88,"column":5}},"15":{"start":{"line":67,"column":21},"end":{"line":67,"column":43}},"16":{"start":{"line":70,"column":20},"end":{"line":70,"column":50}},"17":{"start":{"line":73,"column":6},"end":{"line":73,"column":54}},"18":{"start":{"line":79,"column":6},"end":{"line":87,"column":8}},"19":{"start":{"line":93,"column":4},"end":{"line":104,"column":5}},"20":{"start":{"line":94,"column":20},"end":{"line":96,"column":null}},"21":{"start":{"line":95,"column":23},"end":{"line":95,"column":40}},"22":{"start":{"line":99,"column":6},"end":{"line":103,"column":7}},"23":{"start":{"line":100,"column":8},"end":{"line":102,"column":10}},"24":{"start":{"line":109,"column":17},"end":{"line":119,"column":6}},"25":{"start":{"line":122,"column":4},"end":{"line":122,"column":51}},"26":{"start":{"line":124,"column":4},"end":{"line":124,"column":16}},"27":{"start":{"line":131,"column":25},"end":{"line":133,"column":6}},"28":{"start":{"line":135,"column":4},"end":{"line":137,"column":5}},"29":{"start":{"line":136,"column":6},"end":{"line":136,"column":57}},"30":{"start":{"line":143,"column":4},"end":{"line":150,"column":7}},"31":{"start":{"line":157,"column":17},"end":{"line":159,"column":6}},"32":{"start":{"line":161,"column":4},"end":{"line":163,"column":5}},"33":{"start":{"line":162,"column":6},"end":{"line":162,"column":57}},"34":{"start":{"line":171,"column":4},"end":{"line":187,"column":7}},"35":{"start":{"line":194,"column":17},"end":{"line":196,"column":6}},"36":{"start":{"line":198,"column":4},"end":{"line":200,"column":5}},"37":{"start":{"line":199,"column":6},"end":{"line":199,"column":55}},"38":{"start":{"line":202,"column":21},"end":{"line":202,"column":59}},"39":{"start":{"line":204,"column":4},"end":{"line":208,"column":5}},"40":{"start":{"line":205,"column":6},"end":{"line":207,"column":8}},"41":{"start":{"line":213,"column":17},"end":{"line":233,"column":6}},"42":{"start":{"line":217,"column":54},"end":{"line":227,"column":12}},"43":{"start":{"line":238,"column":4},"end":{"line":241,"column":7}},"44":{"start":{"line":243,"column":4},"end":{"line":243,"column":16}},"45":{"start":{"line":38,"column":13},"end":{"line":38,"column":29}},"46":{"start":{"line":38,"column":13},"end":{"line":245,"column":null}}},"fnMap":{"0":{"name":"(anonymous_4)","decl":{"start":{"line":39,"column":2},"end":{"line":39,"column":null}},"loc":{"start":{"line":44,"column":56},"end":{"line":45,"column":6}}},"1":{"name":"(anonymous_5)","decl":{"start":{"line":50,"column":2},"end":{"line":50,"column":7}},"loc":{"start":{"line":50,"column":57},"end":{"line":125,"column":3}}},"2":{"name":"(anonymous_6)","decl":{"start":{"line":95,"column":8},"end":{"line":95,"column":9}},"loc":{"start":{"line":95,"column":23},"end":{"line":95,"column":40}}},"3":{"name":"(anonymous_7)","decl":{"start":{"line":130,"column":2},"end":{"line":130,"column":7}},"loc":{"start":{"line":130,"column":49},"end":{"line":151,"column":3}}},"4":{"name":"(anonymous_8)","decl":{"start":{"line":156,"column":2},"end":{"line":156,"column":7}},"loc":{"start":{"line":156,"column":43},"end":{"line":188,"column":3}}},"5":{"name":"(anonymous_9)","decl":{"start":{"line":193,"column":2},"end":{"line":193,"column":7}},"loc":{"start":{"line":193,"column":59},"end":{"line":244,"column":3}}},"6":{"name":"(anonymous_10)","decl":{"start":{"line":217,"column":43},"end":{"line":217,"column":44}},"loc":{"start":{"line":217,"column":54},"end":{"line":227,"column":12}}}},"branchMap":{"0":{"loc":{"start":{"line":59,"column":4},"end":{"line":61,"column":5}},"type":"if","locations":[{"start":{"line":59,"column":4},"end":{"line":61,"column":5}},{"start":{},"end":{}}]},"1":{"loc":{"start":{"line":93,"column":4},"end":{"line":104,"column":5}},"type":"if","locations":[{"start":{"line":93,"column":4},"end":{"line":104,"column":5}},{"start":{},"end":{}}]},"2":{"loc":{"start":{"line":99,"column":6},"end":{"line":103,"column":7}},"type":"if","locations":[{"start":{"line":99,"column":6},"end":{"line":103,"column":7}},{"start":{},"end":{}}]},"3":{"loc":{"start":{"line":112,"column":17},"end":{"line":112,"column":36}},"type":"binary-expr","locations":[{"start":{"line":112,"column":17},"end":{"line":112,"column":28}},{"start":{"line":112,"column":32},"end":{"line":112,"column":36}}]},"4":{"loc":{"start":{"line":135,"column":4},"end":{"line":137,"column":5}},"type":"if","locations":[{"start":{"line":135,"column":4},"end":{"line":137,"column":5}},{"start":{},"end":{}}]},"5":{"loc":{"start":{"line":149,"column":15},"end":{"line":149,"column":48}},"type":"binary-expr","locations":[{"start":{"line":149,"column":15},"end":{"line":149,"column":35}},{"start":{"line":149,"column":39},"end":{"line":149,"column":48}}]},"6":{"loc":{"start":{"line":161,"column":4},"end":{"line":163,"column":5}},"type":"if","locations":[{"start":{"line":161,"column":4},"end":{"line":163,"column":5}},{"start":{},"end":{}}]},"7":{"loc":{"start":{"line":198,"column":4},"end":{"line":200,"column":5}},"type":"if","locations":[{"start":{"line":198,"column":4},"end":{"line":200,"column":5}},{"start":{},"end":{}}]},"8":{"loc":{"start":{"line":198,"column":8},"end":{"line":198,"column":31}},"type":"binary-expr","locations":[{"start":{"line":198,"column":8},"end":{"line":198,"column":13}},{"start":{"line":198,"column":17},"end":{"line":198,"column":31}}]},"9":{"loc":{"start":{"line":204,"column":4},"end":{"line":208,"column":5}},"type":"if","locations":[{"start":{"line":204,"column":4},"end":{"line":208,"column":5}},{"start":{},"end":{}}]},"10":{"loc":{"start":{"line":40,"column":29},"end":{"line":40,"column":null}},"type":"cond-expr","locations":[{"start":{"line":40,"column":42},"end":{"line":40,"column":null}},{"start":{"line":40,"column":42},"end":{"line":40,"column":null}}]},"11":{"loc":{"start":{"line":40,"column":29},"end":{"line":40,"column":42}},"type":"binary-expr","locations":[{"start":{"line":40,"column":29},"end":{"line":40,"column":null}},{"start":{"line":40,"column":29},"end":{"line":40,"column":42}}]},"12":{"loc":{"start":{"line":40,"column":42},"end":{"line":41,"column":null}},"type":"cond-expr","locations":[{"start":{"line":41,"column":39},"end":{"line":41,"column":null}},{"start":{"line":41,"column":39},"end":{"line":41,"column":null}}]},"13":{"loc":{"start":{"line":40,"column":42},"end":{"line":41,"column":39}},"type":"binary-expr","locations":[{"start":{"line":40,"column":42},"end":{"line":41,"column":null}},{"start":{"line":41,"column":25},"end":{"line":41,"column":39}}]}},"s":{"0":0,"1":0,"2":0,"3":0,"4":0,"5":0,"6":0,"7":0,"8":0,"9":0,"10":0,"11":0,"12":0,"13":0,"14":0,"15":0,"16":0,"17":0,"18":0,"19":0,"20":0,"21":0,"22":0,"23":0,"24":0,"25":0,"26":0,"27":0,"28":0,"29":0,"30":0,"31":0,"32":0,"33":0,"34":0,"35":0,"36":0,"37":0,"38":0,"39":0,"40":0,"41":0,"42":0,"43":0,"44":0,"45":0,"46":0},"f":{"0":0,"1":0,"2":0,"3":0,"4":0,"5":0,"6":0},"b":{"0":[0,0],"1":[0,0],"2":[0,0],"3":[0,0],"4":[0,0],"5":[0,0],"6":[0,0],"7":[0,0],"8":[0,0],"9":[0,0],"10":[0,0],"11":[0,0],"12":[0,0],"13":[0,0]}}
,"C:\\Users\\Hemachandiran\\Internship\\Nearzro\\nearzro-backend\\src\\ai-planner\\dto\\ai-plan-response.dto.ts": {"path":"C:\\Users\\Hemachandiran\\Internship\\Nearzro\\nearzro-backend\\src\\ai-planner\\dto\\ai-plan-response.dto.ts","statementMap":{"0":{"start":{"line":1,"column":0},"end":{"line":1,"column":13}},"1":{"start":{"line":7,"column":0},"end":{"line":7,"column":13}}},"fnMap":{},"branchMap":{},"s":{"0":0,"1":0},"f":{},"b":{}}
,"C:\\Users\\Hemachandiran\\Internship\\Nearzro\\nearzro-backend\\src\\ai-planner\\dto\\create-ai-plan.dto.ts": {"path":"C:\\Users\\Hemachandiran\\Internship\\Nearzro\\nearzro-backend\\src\\ai-planner\\dto\\create-ai-plan.dto.ts","statementMap":{"0":{"start":{"line":1,"column":0},"end":{"line":1,"column":46}},"1":{"start":{"line":2,"column":0},"end":{"line":2,"column":67}},"2":{"start":{"line":4,"column":0},"end":{"line":4,"column":13}},"3":{"start":{"line":8,"column":2},"end":{"line":8,"column":null}},"4":{"start":{"line":12,"column":2},"end":{"line":12,"column":null}},"5":{"start":{"line":16,"column":2},"end":{"line":16,"column":null}},"6":{"start":{"line":20,"column":2},"end":{"line":20,"column":null}},"7":{"start":{"line":25,"column":2},"end":{"line":25,"column":null}},"8":{"start":{"line":29,"column":2},"end":{"line":29,"column":null}}},"fnMap":{},"branchMap":{},"s":{"0":0,"1":0,"2":0,"3":0,"4":0,"5":0,"6":0,"7":0,"8":0},"f":{},"b":{}}
,"C:\\Users\\Hemachandiran\\Internship\\Nearzro\\nearzro-backend\\src\\ai-planner\\dto\\regenerate-ai-plan.dto.ts": {"path":"C:\\Users\\Hemachandiran\\Internship\\Nearzro\\nearzro-backend\\src\\ai-planner\\dto\\regenerate-ai-plan.dto.ts","statementMap":{"0":{"start":{"line":1,"column":0},"end":{"line":1,"column":45}},"1":{"start":{"line":3,"column":0},"end":{"line":3,"column":13}},"2":{"start":{"line":6,"column":2},"end":{"line":6,"column":null}}},"fnMap":{},"branchMap":{},"s":{"0":0,"1":0,"2":0},"f":{},"b":{}}
,"C:\\Users\\Hemachandiran\\Internship\\Nearzro\\nearzro-backend\\src\\ai-planner\\prompts\\budget-split.prompt.ts": {"path":"C:\\Users\\Hemachandiran\\Internship\\Nearzro\\nearzro-backend\\src\\ai-planner\\prompts\\budget-split.prompt.ts","statementMap":{"0":{"start":{"line":1,"column":0},"end":{"line":1,"column":16}},"1":{"start":{"line":8,"column":2},"end":{"line":35,"column":2}}},"fnMap":{"0":{"name":"budgetSplitPrompt","decl":{"start":{"line":1,"column":16},"end":{"line":1,"column":33}},"loc":{"start":{"line":7,"column":1},"end":{"line":36,"column":1}}}},"branchMap":{},"s":{"0":0,"1":0},"f":{"0":0},"b":{}}
,"C:\\Users\\Hemachandiran\\Internship\\Nearzro\\nearzro-backend\\src\\ai-planner\\providers\\openai.provider.ts": {"path":"C:\\Users\\Hemachandiran\\Internship\\Nearzro\\nearzro-backend\\src\\ai-planner\\providers\\openai.provider.ts","statementMap":{"0":{"start":{"line":1,"column":0},"end":{"line":1,"column":28}},"1":{"start":{"line":3,"column":0},"end":{"line":3,"column":44}},"2":{"start":{"line":4,"column":0},"end":{"line":4,"column":47}},"3":{"start":{"line":7,"column":7},"end":{"line":54,"column":null}},"4":{"start":{"line":8,"column":34},"end":{"line":8,"column":38}},"5":{"start":{"line":11,"column":19},"end":{"line":11,"column":55}},"6":{"start":{"line":13,"column":4},"end":{"line":23,"column":5}},"7":{"start":{"line":14,"column":6},"end":{"line":20,"column":7}},"8":{"start":{"line":15,"column":8},"end":{"line":15,"column":45}},"9":{"start":{"line":16,"column":8},"end":{"line":16,"column":51}},"10":{"start":{"line":18,"column":8},"end":{"line":18,"column":86}},"11":{"start":{"line":19,"column":8},"end":{"line":19,"column":27}},"12":{"start":{"line":22,"column":6},"end":{"line":22,"column":78}},"13":{"start":{"line":27,"column":4},"end":{"line":37,"column":5}},"14":{"start":{"line":29,"column":6},"end":{"line":36,"column":9}},"15":{"start":{"line":39,"column":21},"end":{"line":50,"column":6}},"16":{"start":{"line":52,"column":4},"end":{"line":52,"column":48}},"17":{"start":{"line":7,"column":13},"end":{"line":7,"column":27}},"18":{"start":{"line":7,"column":13},"end":{"line":54,"column":null}}},"fnMap":{"0":{"name":"(anonymous_3)","decl":{"start":{"line":10,"column":2},"end":{"line":10,"column":14}},"loc":{"start":{"line":10,"column":35},"end":{"line":24,"column":3}}},"1":{"name":"(anonymous_4)","decl":{"start":{"line":26,"column":2},"end":{"line":26,"column":7}},"loc":{"start":{"line":26,"column":31},"end":{"line":53,"column":3}}}},"branchMap":{"0":{"loc":{"start":{"line":13,"column":4},"end":{"line":23,"column":5}},"type":"if","locations":[{"start":{"line":13,"column":4},"end":{"line":23,"column":5}},{"start":{"line":21,"column":11},"end":{"line":23,"column":5}}]},"1":{"loc":{"start":{"line":13,"column":8},"end":{"line":13,"column":67}},"type":"binary-expr","locations":[{"start":{"line":13,"column":8},"end":{"line":13,"column":14}},{"start":{"line":13,"column":18},"end":{"line":13,"column":38}},{"start":{"line":13,"column":42},"end":{"line":13,"column":67}}]},"2":{"loc":{"start":{"line":27,"column":4},"end":{"line":37,"column":5}},"type":"if","locations":[{"start":{"line":27,"column":4},"end":{"line":37,"column":5}},{"start":{},"end":{}}]},"3":{"loc":{"start":{"line":10,"column":22},"end":{"line":10,"column":null}},"type":"cond-expr","locations":[{"start":{"line":10,"column":35},"end":{"line":10,"column":null}},{"start":{"line":10,"column":35},"end":{"line":10,"column":null}}]},"4":{"loc":{"start":{"line":10,"column":22},"end":{"line":10,"column":35}},"type":"binary-expr","locations":[{"start":{"line":10,"column":22},"end":{"line":10,"column":null}},{"start":{"line":10,"column":22},"end":{"line":10,"column":35}}]}},"s":{"0":0,"1":0,"2":0,"3":0,"4":0,"5":0,"6":0,"7":0,"8":0,"9":0,"10":0,"11":0,"12":0,"13":0,"14":0,"15":0,"16":0,"17":0,"18":0},"f":{"0":0,"1":0},"b":{"0":[0,0],"1":[0,0,0],"2":[0,0],"3":[0,0],"4":[0,0]}}
,"C:\\Users\\Hemachandiran\\Internship\\Nearzro\\nearzro-backend\\src\\ai-planner\\utils\\json-cleaner.ts": {"path":"C:\\Users\\Hemachandiran\\Internship\\Nearzro\\nearzro-backend\\src\\ai-planner\\utils\\json-cleaner.ts","statementMap":{"0":{"start":{"line":8,"column":0},"end":{"line":8,"column":16}},"1":{"start":{"line":9,"column":2},"end":{"line":11,"column":3}},"2":{"start":{"line":10,"column":4},"end":{"line":10,"column":55}},"3":{"start":{"line":13,"column":16},"end":{"line":13,"column":26}},"4":{"start":{"line":16,"column":2},"end":{"line":16,"column":45}},"5":{"start":{"line":17,"column":2},"end":{"line":17,"column":40}},"6":{"start":{"line":20,"column":21},"end":{"line":20,"column":41}},"7":{"start":{"line":21,"column":20},"end":{"line":21,"column":44}},"8":{"start":{"line":23,"column":2},"end":{"line":25,"column":3}},"9":{"start":{"line":24,"column":4},"end":{"line":24,"column":59}},"10":{"start":{"line":27,"column":2},"end":{"line":27,"column":57}},"11":{"start":{"line":29,"column":2},"end":{"line":35,"column":3}},"12":{"start":{"line":30,"column":4},"end":{"line":30,"column":31}},"13":{"start":{"line":32,"column":4},"end":{"line":34,"column":6}}},"fnMap":{"0":{"name":"cleanAndParseJSON","decl":{"start":{"line":8,"column":16},"end":{"line":8,"column":33}},"loc":{"start":{"line":8,"column":54},"end":{"line":36,"column":1}}}},"branchMap":{"0":{"loc":{"start":{"line":9,"column":2},"end":{"line":11,"column":3}},"type":"if","locations":[{"start":{"line":9,"column":2},"end":{"line":11,"column":3}},{"start":{},"end":{}}]},"1":{"loc":{"start":{"line":9,"column":6},"end":{"line":9,"column":37}},"type":"binary-expr","locations":[{"start":{"line":9,"column":6},"end":{"line":9,"column":10}},{"start":{"line":9,"column":14},"end":{"line":9,"column":37}}]},"2":{"loc":{"start":{"line":23,"column":2},"end":{"line":25,"column":3}},"type":"if","locations":[{"start":{"line":23,"column":2},"end":{"line":25,"column":3}},{"start":{},"end":{}}]},"3":{"loc":{"start":{"line":23,"column":6},"end":{"line":23,"column":43}},"type":"binary-expr","locations":[{"start":{"line":23,"column":6},"end":{"line":23,"column":23}},{"start":{"line":23,"column":27},"end":{"line":23,"column":43}}]}},"s":{"0":0,"1":0,"2":0,"3":0,"4":0,"5":0,"6":0,"7":0,"8":0,"9":0,"10":0,"11":0,"12":0,"13":0},"f":{"0":0},"b":{"0":[0,0],"1":[0,0],"2":[0,0],"3":[0,0]}}
,"C:\\Users\\Hemachandiran\\Internship\\Nearzro\\nearzro-backend\\src\\analytics\\analytics.controller.ts": {"path":"C:\\Users\\Hemachandiran\\Internship\\Nearzro\\nearzro-backend\\src\\analytics\\analytics.controller.ts","statementMap":{"0":{"start":{"line":1,"column":0},"end":{"line":1,"column":60}},"1":{"start":{"line":2,"column":0},"end":{"line":2,"column":57}},"2":{"start":{"line":3,"column":0},"end":{"line":3,"column":55}},"3":{"start":{"line":4,"column":0},"end":{"line":4,"column":54}},"4":{"start":{"line":5,"column":0},"end":{"line":5,"column":58}},"5":{"start":{"line":6,"column":0},"end":{"line":6,"column":61}},"6":{"start":{"line":7,"column":0},"end":{"line":7,"column":38}},"7":{"start":{"line":14,"column":7},"end":{"line":51,"column":null}},"8":{"start":{"line":15,"column":31},"end":{"line":15,"column":40}},"9":{"start":{"line":19,"column":4},"end":{"line":19,"column":38}},"10":{"start":{"line":24,"column":4},"end":{"line":24,"column":33}},"11":{"start":{"line":29,"column":4},"end":{"line":29,"column":38}},"12":{"start":{"line":34,"column":4},"end":{"line":34,"column":37}},"13":{"start":{"line":39,"column":4},"end":{"line":39,"column":35}},"14":{"start":{"line":44,"column":4},"end":{"line":44,"column":39}},"15":{"start":{"line":49,"column":4},"end":{"line":49,"column":40}},"16":{"start":{"line":14,"column":13},"end":{"line":14,"column":32}},"17":{"start":{"line":18,"column":2},"end":{"line":20,"column":null}},"18":{"start":{"line":23,"column":2},"end":{"line":25,"column":null}},"19":{"start":{"line":28,"column":2},"end":{"line":30,"column":null}},"20":{"start":{"line":33,"column":2},"end":{"line":35,"column":null}},"21":{"start":{"line":38,"column":2},"end":{"line":40,"column":null}},"22":{"start":{"line":43,"column":2},"end":{"line":45,"column":null}},"23":{"start":{"line":48,"column":2},"end":{"line":50,"column":null}},"24":{"start":{"line":14,"column":13},"end":{"line":51,"column":null}}},"fnMap":{"0":{"name":"(anonymous_2)","decl":{"start":{"line":15,"column":2},"end":{"line":15,"column":31}},"loc":{"start":{"line":15,"column":56},"end":{"line":15,"column":60}}},"1":{"name":"(anonymous_3)","decl":{"start":{"line":18,"column":2},"end":{"line":18,"column":13}},"loc":{"start":{"line":18,"column":13},"end":{"line":20,"column":3}}},"2":{"name":"(anonymous_4)","decl":{"start":{"line":23,"column":2},"end":{"line":23,"column":8}},"loc":{"start":{"line":23,"column":8},"end":{"line":25,"column":3}}},"3":{"name":"(anonymous_5)","decl":{"start":{"line":28,"column":2},"end":{"line":28,"column":13}},"loc":{"start":{"line":28,"column":13},"end":{"line":30,"column":3}}},"4":{"name":"(anonymous_6)","decl":{"start":{"line":33,"column":2},"end":{"line":33,"column":12}},"loc":{"start":{"line":33,"column":12},"end":{"line":35,"column":3}}},"5":{"name":"(anonymous_7)","decl":{"start":{"line":38,"column":2},"end":{"line":38,"column":10}},"loc":{"start":{"line":38,"column":10},"end":{"line":40,"column":3}}},"6":{"name":"(anonymous_8)","decl":{"start":{"line":43,"column":2},"end":{"line":43,"column":14}},"loc":{"start":{"line":43,"column":14},"end":{"line":45,"column":3}}},"7":{"name":"(anonymous_9)","decl":{"start":{"line":48,"column":2},"end":{"line":48,"column":15}},"loc":{"start":{"line":48,"column":15},"end":{"line":50,"column":3}}}},"branchMap":{"0":{"loc":{"start":{"line":15,"column":40},"end":{"line":15,"column":59}},"type":"cond-expr","locations":[{"start":{"line":15,"column":56},"end":{"line":15,"column":59}},{"start":{"line":15,"column":56},"end":{"line":15,"column":59}}]},"1":{"loc":{"start":{"line":15,"column":40},"end":{"line":15,"column":56}},"type":"binary-expr","locations":[{"start":{"line":15,"column":40},"end":{"line":15,"column":59}},{"start":{"line":15,"column":40},"end":{"line":15,"column":56}}]}},"s":{"0":0,"1":0,"2":0,"3":0,"4":0,"5":0,"6":0,"7":0,"8":0,"9":0,"10":0,"11":0,"12":0,"13":0,"14":0,"15":0,"16":0,"17":0,"18":0,"19":0,"20":0,"21":0,"22":0,"23":0,"24":0},"f":{"0":0,"1":0,"2":0,"3":0,"4":0,"5":0,"6":0,"7":0},"b":{"0":[0,0],"1":[0,0]}}
,"C:\\Users\\Hemachandiran\\Internship\\Nearzro\\nearzro-backend\\src\\analytics\\analytics.module.ts": {"path":"C:\\Users\\Hemachandiran\\Internship\\Nearzro\\nearzro-backend\\src\\analytics\\analytics.module.ts","statementMap":{"0":{"start":{"line":1,"column":0},"end":{"line":1,"column":40}},"1":{"start":{"line":2,"column":0},"end":{"line":2,"column":61}},"2":{"start":{"line":3,"column":0},"end":{"line":3,"column":55}},"3":{"start":{"line":4,"column":0},"end":{"line":4,"column":55}},"4":{"start":{"line":12,"column":7},"end":{"line":12,"column":null}},"5":{"start":{"line":12,"column":13},"end":{"line":12,"column":28}},"6":{"start":{"line":12,"column":13},"end":{"line":12,"column":null}}},"fnMap":{},"branchMap":{},"s":{"0":0,"1":0,"2":0,"3":0,"4":0,"5":0,"6":0},"f":{},"b":{}}
,"C:\\Users\\Hemachandiran\\Internship\\Nearzro\\nearzro-backend\\src\\analytics\\analytics.service.ts": {"path":"C:\\Users\\Hemachandiran\\Internship\\Nearzro\\nearzro-backend\\src\\analytics\\analytics.service.ts","statementMap":{"0":{"start":{"line":1,"column":0},"end":{"line":1,"column":44}},"1":{"start":{"line":2,"column":0},"end":{"line":2,"column":57}},"2":{"start":{"line":5,"column":7},"end":{"line":292,"column":null}},"3":{"start":{"line":6,"column":31},"end":{"line":6,"column":39}},"4":{"start":{"line":9,"column":67},"end":{"line":16,"column":6}},"5":{"start":{"line":18,"column":4},"end":{"line":25,"column":6}},"6":{"start":{"line":29,"column":25},"end":{"line":29,"column":35}},"7":{"start":{"line":30,"column":22},"end":{"line":30,"column":32}},"8":{"start":{"line":31,"column":4},"end":{"line":31,"column":49}},"9":{"start":{"line":33,"column":34},"end":{"line":51,"column":6}},"10":{"start":{"line":53,"column":19},"end":{"line":59,"column":9}},"11":{"start":{"line":62,"column":20},"end":{"line":73,"column":6}},"12":{"start":{"line":75,"column":24},"end":{"line":78,"column":7}},"13":{"start":{"line":75,"column":44},"end":{"line":78,"column":6}},"14":{"start":{"line":80,"column":4},"end":{"line":84,"column":6}},"15":{"start":{"line":88,"column":25},"end":{"line":88,"column":35}},"16":{"start":{"line":89,"column":22},"end":{"line":89,"column":32}},"17":{"start":{"line":90,"column":4},"end":{"line":90,"column":49}},"18":{"start":{"line":92,"column":48},"end":{"line":112,"column":6}},"19":{"start":{"line":114,"column":19},"end":{"line":114,"column":93}},"20":{"start":{"line":116,"column":24},"end":{"line":120,"column":6}},"21":{"start":{"line":122,"column":4},"end":{"line":126,"column":7}},"22":{"start":{"line":123,"column":6},"end":{"line":123,"column":69}},"23":{"start":{"line":123,"column":36},"end":{"line":123,"column":69}},"24":{"start":{"line":124,"column":6},"end":{"line":124,"column":73}},"25":{"start":{"line":124,"column":42},"end":{"line":124,"column":73}},"26":{"start":{"line":125,"column":6},"end":{"line":125,"column":69}},"27":{"start":{"line":125,"column":36},"end":{"line":125,"column":69}},"28":{"start":{"line":128,"column":4},"end":{"line":132,"column":6}},"29":{"start":{"line":136,"column":25},"end":{"line":136,"column":35}},"30":{"start":{"line":137,"column":22},"end":{"line":137,"column":32}},"31":{"start":{"line":138,"column":4},"end":{"line":138,"column":49}},"32":{"start":{"line":140,"column":27},"end":{"line":140,"column":31}},"33":{"start":{"line":142,"column":42},"end":{"line":160,"column":6}},"34":{"start":{"line":162,"column":25},"end":{"line":162,"column":80}},"35":{"start":{"line":163,"column":22},"end":{"line":163,"column":74}},"36":{"start":{"line":164,"column":19},"end":{"line":164,"column":93}},"37":{"start":{"line":166,"column":4},"end":{"line":170,"column":6}},"38":{"start":{"line":174,"column":25},"end":{"line":174,"column":35}},"39":{"start":{"line":175,"column":22},"end":{"line":175,"column":32}},"40":{"start":{"line":176,"column":4},"end":{"line":176,"column":49}},"41":{"start":{"line":178,"column":46},"end":{"line":198,"column":6}},"42":{"start":{"line":200,"column":19},"end":{"line":200,"column":93}},"43":{"start":{"line":202,"column":22},"end":{"line":206,"column":6}},"44":{"start":{"line":208,"column":4},"end":{"line":212,"column":7}},"45":{"start":{"line":209,"column":6},"end":{"line":209,"column":64}},"46":{"start":{"line":209,"column":33},"end":{"line":209,"column":64}},"47":{"start":{"line":210,"column":6},"end":{"line":210,"column":60}},"48":{"start":{"line":210,"column":31},"end":{"line":210,"column":60}},"49":{"start":{"line":211,"column":6},"end":{"line":211,"column":69}},"50":{"start":{"line":211,"column":36},"end":{"line":211,"column":69}},"51":{"start":{"line":214,"column":4},"end":{"line":218,"column":6}},"52":{"start":{"line":222,"column":22},"end":{"line":231,"column":6}},"53":{"start":{"line":233,"column":31},"end":{"line":238,"column":7}},"54":{"start":{"line":233,"column":57},"end":{"line":238,"column":6}},"55":{"start":{"line":237,"column":47},"end":{"line":237,"column":66}},"56":{"start":{"line":240,"column":4},"end":{"line":242,"column":23}},"57":{"start":{"line":241,"column":22},"end":{"line":241,"column":43}},"58":{"start":{"line":246,"column":23},"end":{"line":262,"column":6}},"59":{"start":{"line":264,"column":32},"end":{"line":286,"column":6}},"60":{"start":{"line":265,"column":27},"end":{"line":273,"column":11}},"61":{"start":{"line":266,"column":8},"end":{"line":272,"column":10}},"62":{"start":{"line":269,"column":32},"end":{"line":269,"column":73}},"63":{"start":{"line":275,"column":28},"end":{"line":277,"column":null}},"64":{"start":{"line":276,"column":26},"end":{"line":276,"column":59}},"65":{"start":{"line":280,"column":6},"end":{"line":285,"column":8}},"66":{"start":{"line":288,"column":4},"end":{"line":290,"column":23}},"67":{"start":{"line":289,"column":22},"end":{"line":289,"column":43}},"68":{"start":{"line":5,"column":13},"end":{"line":5,"column":29}},"69":{"start":{"line":5,"column":13},"end":{"line":292,"column":null}}},"fnMap":{"0":{"name":"(anonymous_2)","decl":{"start":{"line":6,"column":2},"end":{"line":6,"column":31}},"loc":{"start":{"line":6,"column":52},"end":{"line":6,"column":56}}},"1":{"name":"(anonymous_3)","decl":{"start":{"line":8,"column":2},"end":{"line":8,"column":7}},"loc":{"start":{"line":8,"column":19},"end":{"line":26,"column":3}}},"2":{"name":"(anonymous_4)","decl":{"start":{"line":28,"column":2},"end":{"line":28,"column":7}},"loc":{"start":{"line":28,"column":14},"end":{"line":85,"column":3}}},"3":{"name":"(anonymous_5)","decl":{"start":{"line":75,"column":36},"end":{"line":75,"column":37}},"loc":{"start":{"line":75,"column":44},"end":{"line":78,"column":6}}},"4":{"name":"(anonymous_6)","decl":{"start":{"line":87,"column":2},"end":{"line":87,"column":7}},"loc":{"start":{"line":87,"column":19},"end":{"line":133,"column":3}}},"5":{"name":"(anonymous_7)","decl":{"start":{"line":122,"column":21},"end":{"line":122,"column":22}},"loc":{"start":{"line":122,"column":27},"end":{"line":126,"column":5}}},"6":{"name":"(anonymous_8)","decl":{"start":{"line":135,"column":2},"end":{"line":135,"column":7}},"loc":{"start":{"line":135,"column":18},"end":{"line":171,"column":3}}},"7":{"name":"(anonymous_9)","decl":{"start":{"line":173,"column":2},"end":{"line":173,"column":7}},"loc":{"start":{"line":173,"column":16},"end":{"line":219,"column":3}}},"8":{"name":"(anonymous_10)","decl":{"start":{"line":208,"column":19},"end":{"line":208,"column":20}},"loc":{"start":{"line":208,"column":25},"end":{"line":212,"column":5}}},"9":{"name":"(anonymous_11)","decl":{"start":{"line":221,"column":2},"end":{"line":221,"column":7}},"loc":{"start":{"line":221,"column":39},"end":{"line":243,"column":3}}},"10":{"name":"(anonymous_12)","decl":{"start":{"line":233,"column":45},"end":{"line":233,"column":46}},"loc":{"start":{"line":233,"column":57},"end":{"line":238,"column":6}}},"11":{"name":"(anonymous_13)","decl":{"start":{"line":237,"column":35},"end":{"line":237,"column":36}},"loc":{"start":{"line":237,"column":47},"end":{"line":237,"column":66}}},"12":{"name":"(anonymous_14)","decl":{"start":{"line":241,"column":12},"end":{"line":241,"column":13}},"loc":{"start":{"line":241,"column":22},"end":{"line":241,"column":43}}},"13":{"name":"(anonymous_15)","decl":{"start":{"line":245,"column":2},"end":{"line":245,"column":7}},"loc":{"start":{"line":245,"column":40},"end":{"line":291,"column":3}}},"14":{"name":"(anonymous_16)","decl":{"start":{"line":264,"column":47},"end":{"line":264,"column":48}},"loc":{"start":{"line":264,"column":58},"end":{"line":286,"column":5}}},"15":{"name":"(anonymous_17)","decl":{"start":{"line":265,"column":50},"end":{"line":265,"column":51}},"loc":{"start":{"line":265,"column":67},"end":{"line":273,"column":7}}},"16":{"name":"(anonymous_18)","decl":{"start":{"line":269,"column":12},"end":{"line":269,"column":13}},"loc":{"start":{"line":269,"column":32},"end":{"line":269,"column":73}}},"17":{"name":"(anonymous_19)","decl":{"start":{"line":276,"column":8},"end":{"line":276,"column":9}},"loc":{"start":{"line":276,"column":26},"end":{"line":276,"column":59}}},"18":{"name":"(anonymous_20)","decl":{"start":{"line":289,"column":12},"end":{"line":289,"column":13}},"loc":{"start":{"line":289,"column":22},"end":{"line":289,"column":43}}}},"branchMap":{"0":{"loc":{"start":{"line":53,"column":19},"end":{"line":59,"column":9}},"type":"cond-expr","locations":[{"start":{"line":54,"column":8},"end":{"line":57,"column":null}},{"start":{"line":59,"column":8},"end":{"line":59,"column":9}}]},"1":{"loc":{"start":{"line":55,"column":12},"end":{"line":55,"column":44}},"type":"binary-expr","locations":[{"start":{"line":55,"column":12},"end":{"line":55,"column":39}},{"start":{"line":55,"column":43},"end":{"line":55,"column":44}}]},"2":{"loc":{"start":{"line":77,"column":14},"end":{"line":77,"column":37}},"type":"binary-expr","locations":[{"start":{"line":77,"column":14},"end":{"line":77,"column":32}},{"start":{"line":77,"column":36},"end":{"line":77,"column":37}}]},"3":{"loc":{"start":{"line":81,"column":13},"end":{"line":81,"column":45}},"type":"binary-expr","locations":[{"start":{"line":81,"column":13},"end":{"line":81,"column":40}},{"start":{"line":81,"column":44},"end":{"line":81,"column":45}}]},"4":{"loc":{"start":{"line":114,"column":19},"end":{"line":114,"column":93}},"type":"cond-expr","locations":[{"start":{"line":114,"column":31},"end":{"line":114,"column":89}},{"start":{"line":114,"column":92},"end":{"line":114,"column":93}}]},"5":{"loc":{"start":{"line":123,"column":6},"end":{"line":123,"column":69}},"type":"if","locations":[{"start":{"line":123,"column":6},"end":{"line":123,"column":69}},{"start":{},"end":{}}]},"6":{"loc":{"start":{"line":124,"column":6},"end":{"line":124,"column":73}},"type":"if","locations":[{"start":{"line":124,"column":6},"end":{"line":124,"column":73}},{"start":{},"end":{}}]},"7":{"loc":{"start":{"line":125,"column":6},"end":{"line":125,"column":69}},"type":"if","locations":[{"start":{"line":125,"column":6},"end":{"line":125,"column":69}},{"start":{},"end":{}}]},"8":{"loc":{"start":{"line":162,"column":26},"end":{"line":162,"column":62}},"type":"binary-expr","locations":[{"start":{"line":162,"column":26},"end":{"line":162,"column":57}},{"start":{"line":162,"column":61},"end":{"line":162,"column":62}}]},"9":{"loc":{"start":{"line":163,"column":23},"end":{"line":163,"column":56}},"type":"binary-expr","locations":[{"start":{"line":163,"column":23},"end":{"line":163,"column":51}},{"start":{"line":163,"column":55},"end":{"line":163,"column":56}}]},"10":{"loc":{"start":{"line":164,"column":19},"end":{"line":164,"column":93}},"type":"cond-expr","locations":[{"start":{"line":164,"column":31},"end":{"line":164,"column":89}},{"start":{"line":164,"column":92},"end":{"line":164,"column":93}}]},"11":{"loc":{"start":{"line":200,"column":19},"end":{"line":200,"column":93}},"type":"cond-expr","locations":[{"start":{"line":200,"column":31},"end":{"line":200,"column":89}},{"start":{"line":200,"column":92},"end":{"line":200,"column":93}}]},"12":{"loc":{"start":{"line":209,"column":6},"end":{"line":209,"column":64}},"type":"if","locations":[{"start":{"line":209,"column":6},"end":{"line":209,"column":64}},{"start":{},"end":{}}]},"13":{"loc":{"start":{"line":210,"column":6},"end":{"line":210,"column":60}},"type":"if","locations":[{"start":{"line":210,"column":6},"end":{"line":210,"column":60}},{"start":{},"end":{}}]},"14":{"loc":{"start":{"line":211,"column":6},"end":{"line":211,"column":69}},"type":"if","locations":[{"start":{"line":211,"column":6},"end":{"line":211,"column":69}},{"start":{},"end":{}}]},"15":{"loc":{"start":{"line":221,"column":21},"end":{"line":221,"column":39}},"type":"default-arg","locations":[{"start":{"line":221,"column":37},"end":{"line":221,"column":39}}]},"16":{"loc":{"start":{"line":245,"column":22},"end":{"line":245,"column":40}},"type":"default-arg","locations":[{"start":{"line":245,"column":38},"end":{"line":245,"column":40}}]},"17":{"loc":{"start":{"line":269,"column":46},"end":{"line":269,"column":72}},"type":"binary-expr","locations":[{"start":{"line":269,"column":46},"end":{"line":269,"column":67}},{"start":{"line":269,"column":71},"end":{"line":269,"column":72}}]},"18":{"loc":{"start":{"line":6,"column":39},"end":{"line":6,"column":55}},"type":"cond-expr","locations":[{"start":{"line":6,"column":52},"end":{"line":6,"column":55}},{"start":{"line":6,"column":52},"end":{"line":6,"column":55}}]},"19":{"loc":{"start":{"line":6,"column":39},"end":{"line":6,"column":52}},"type":"binary-expr","locations":[{"start":{"line":6,"column":39},"end":{"line":6,"column":55}},{"start":{"line":6,"column":39},"end":{"line":6,"column":52}}]}},"s":{"0":0,"1":0,"2":0,"3":0,"4":0,"5":0,"6":0,"7":0,"8":0,"9":0,"10":0,"11":0,"12":0,"13":0,"14":0,"15":0,"16":0,"17":0,"18":0,"19":0,"20":0,"21":0,"22":0,"23":0,"24":0,"25":0,"26":0,"27":0,"28":0,"29":0,"30":0,"31":0,"32":0,"33":0,"34":0,"35":0,"36":0,"37":0,"38":0,"39":0,"40":0,"41":0,"42":0,"43":0,"44":0,"45":0,"46":0,"47":0,"48":0,"49":0,"50":0,"51":0,"52":0,"53":0,"54":0,"55":0,"56":0,"57":0,"58":0,"59":0,"60":0,"61":0,"62":0,"63":0,"64":0,"65":0,"66":0,"67":0,"68":0,"69":0},"f":{"0":0,"1":0,"2":0,"3":0,"4":0,"5":0,"6":0,"7":0,"8":0,"9":0,"10":0,"11":0,"12":0,"13":0,"14":0,"15":0,"16":0,"17":0,"18":0},"b":{"0":[0,0],"1":[0,0],"2":[0,0],"3":[0,0],"4":[0,0],"5":[0,0],"6":[0,0],"7":[0,0],"8":[0,0],"9":[0,0],"10":[0,0],"11":[0,0],"12":[0,0],"13":[0,0],"14":[0,0],"15":[0],"16":[0],"17":[0,0],"18":[0,0],"19":[0,0]}}
,"C:\\Users\\Hemachandiran\\Internship\\Nearzro\\nearzro-backend\\src\\approvals\\approvals.controller.ts": {"path":"C:\\Users\\Hemachandiran\\Internship\\Nearzro\\nearzro-backend\\src\\approvals\\approvals.controller.ts","statementMap":{"0":{"start":{"line":1,"column":0},"end":{"line":1,"column":null}},"1":{"start":{"line":13,"column":0},"end":{"line":13,"column":57}},"2":{"start":{"line":14,"column":0},"end":{"line":14,"column":55}},"3":{"start":{"line":15,"column":0},"end":{"line":15,"column":54}},"4":{"start":{"line":16,"column":0},"end":{"line":16,"column":58}},"5":{"start":{"line":17,"column":0},"end":{"line":17,"column":61}},"6":{"start":{"line":18,"column":0},"end":{"line":18,"column":38}},"7":{"start":{"line":24,"column":7},"end":{"line":50,"column":null}},"8":{"start":{"line":25,"column":31},"end":{"line":25,"column":49}},"9":{"start":{"line":30,"column":4},"end":{"line":30,"column":47}},"10":{"start":{"line":36,"column":4},"end":{"line":36,"column":46}},"11":{"start":{"line":42,"column":4},"end":{"line":42,"column":65}},"12":{"start":{"line":48,"column":4},"end":{"line":48,"column":77}},"13":{"start":{"line":24,"column":13},"end":{"line":24,"column":32}},"14":{"start":{"line":29,"column":2},"end":{"line":31,"column":null}},"15":{"start":{"line":35,"column":2},"end":{"line":37,"column":null}},"16":{"start":{"line":41,"column":2},"end":{"line":43,"column":null}},"17":{"start":{"line":47,"column":2},"end":{"line":49,"column":null}},"18":{"start":{"line":24,"column":13},"end":{"line":50,"column":null}}},"fnMap":{"0":{"name":"(anonymous_4)","decl":{"start":{"line":25,"column":2},"end":{"line":25,"column":31}},"loc":{"start":{"line":25,"column":65},"end":{"line":25,"column":69}}},"1":{"name":"(anonymous_5)","decl":{"start":{"line":29,"column":2},"end":{"line":29,"column":21}},"loc":{"start":{"line":29,"column":21},"end":{"line":31,"column":3}}},"2":{"name":"(anonymous_6)","decl":{"start":{"line":35,"column":2},"end":{"line":35,"column":17}},"loc":{"start":{"line":35,"column":41},"end":{"line":37,"column":3}}},"3":{"name":"(anonymous_7)","decl":{"start":{"line":41,"column":2},"end":{"line":41,"column":17}},"loc":{"start":{"line":41,"column":81},"end":{"line":43,"column":3}}},"4":{"name":"(anonymous_8)","decl":{"start":{"line":47,"column":2},"end":{"line":47,"column":16}},"loc":{"start":{"line":47,"column":96},"end":{"line":49,"column":3}}}},"branchMap":{"0":{"loc":{"start":{"line":25,"column":49},"end":{"line":25,"column":68}},"type":"cond-expr","locations":[{"start":{"line":25,"column":65},"end":{"line":25,"column":68}},{"start":{"line":25,"column":65},"end":{"line":25,"column":68}}]},"1":{"loc":{"start":{"line":25,"column":49},"end":{"line":25,"column":65}},"type":"binary-expr","locations":[{"start":{"line":25,"column":49},"end":{"line":25,"column":68}},{"start":{"line":25,"column":49},"end":{"line":25,"column":65}}]}},"s":{"0":0,"1":0,"2":0,"3":0,"4":0,"5":0,"6":0,"7":0,"8":0,"9":0,"10":0,"11":0,"12":0,"13":0,"14":0,"15":0,"16":0,"17":0,"18":0},"f":{"0":0,"1":0,"2":0,"3":0,"4":0},"b":{"0":[0,0],"1":[0,0]}}
,"C:\\Users\\Hemachandiran\\Internship\\Nearzro\\nearzro-backend\\src\\approvals\\approvals.module.ts": {"path":"C:\\Users\\Hemachandiran\\Internship\\Nearzro\\nearzro-backend\\src\\approvals\\approvals.module.ts","statementMap":{"0":{"start":{"line":1,"column":0},"end":{"line":1,"column":40}},"1":{"start":{"line":2,"column":0},"end":{"line":2,"column":61}},"2":{"start":{"line":3,"column":0},"end":{"line":3,"column":55}},"3":{"start":{"line":4,"column":0},"end":{"line":4,"column":55}},"4":{"start":{"line":12,"column":7},"end":{"line":12,"column":null}},"5":{"start":{"line":12,"column":13},"end":{"line":12,"column":28}},"6":{"start":{"line":12,"column":13},"end":{"line":12,"column":null}}},"fnMap":{},"branchMap":{},"s":{"0":0,"1":0,"2":0,"3":0,"4":0,"5":0,"6":0},"f":{},"b":{}}
,"C:\\Users\\Hemachandiran\\Internship\\Nearzro\\nearzro-backend\\src\\approvals\\approvals.service.ts": {"path":"C:\\Users\\Hemachandiran\\Internship\\Nearzro\\nearzro-backend\\src\\approvals\\approvals.service.ts","statementMap":{"0":{"start":{"line":1,"column":0},"end":{"line":1,"column":63}},"1":{"start":{"line":2,"column":0},"end":{"line":2,"column":57}},"2":{"start":{"line":3,"column":0},"end":{"line":3,"column":71}},"3":{"start":{"line":6,"column":7},"end":{"line":144,"column":null}},"4":{"start":{"line":7,"column":22},"end":{"line":7,"column":30}},"5":{"start":{"line":10,"column":44},"end":{"line":36,"column":6}},"6":{"start":{"line":39,"column":22},"end":{"line":70,"column":6}},"7":{"start":{"line":40,"column":35},"end":{"line":54,"column":8}},"8":{"start":{"line":55,"column":36},"end":{"line":69,"column":8}},"9":{"start":{"line":72,"column":4},"end":{"line":74,"column":6}},"10":{"start":{"line":73,"column":16},"end":{"line":73,"column":89}},"11":{"start":{"line":79,"column":18},"end":{"line":82,"column":6}},"12":{"start":{"line":84,"column":4},"end":{"line":89,"column":5}},"13":{"start":{"line":85,"column":6},"end":{"line":88,"column":8}},"14":{"start":{"line":92,"column":19},"end":{"line":95,"column":6}},"15":{"start":{"line":97,"column":4},"end":{"line":102,"column":5}},"16":{"start":{"line":98,"column":6},"end":{"line":101,"column":8}},"17":{"start":{"line":104,"column":4},"end":{"line":104,"column":54}},"18":{"start":{"line":108,"column":4},"end":{"line":118,"column":5}},"19":{"start":{"line":109,"column":6},"end":{"line":112,"column":9}},"20":{"start":{"line":113,"column":11},"end":{"line":118,"column":5}},"21":{"start":{"line":114,"column":6},"end":{"line":117,"column":9}},"22":{"start":{"line":120,"column":4},"end":{"line":120,"column":57}},"23":{"start":{"line":124,"column":4},"end":{"line":140,"column":5}},"24":{"start":{"line":125,"column":6},"end":{"line":131,"column":9}},"25":{"start":{"line":132,"column":11},"end":{"line":140,"column":5}},"26":{"start":{"line":133,"column":6},"end":{"line":139,"column":9}},"27":{"start":{"line":142,"column":4},"end":{"line":142,"column":57}},"28":{"start":{"line":6,"column":13},"end":{"line":6,"column":29}},"29":{"start":{"line":6,"column":13},"end":{"line":144,"column":null}}},"fnMap":{"0":{"name":"(anonymous_2)","decl":{"start":{"line":7,"column":2},"end":{"line":7,"column":22}},"loc":{"start":{"line":7,"column":43},"end":{"line":7,"column":47}}},"1":{"name":"(anonymous_3)","decl":{"start":{"line":9,"column":2},"end":{"line":9,"column":7}},"loc":{"start":{"line":9,"column":19},"end":{"line":75,"column":3}}},"2":{"name":"(anonymous_4)","decl":{"start":{"line":40,"column":27},"end":{"line":40,"column":28}},"loc":{"start":{"line":40,"column":35},"end":{"line":54,"column":8}}},"3":{"name":"(anonymous_5)","decl":{"start":{"line":55,"column":28},"end":{"line":55,"column":29}},"loc":{"start":{"line":55,"column":36},"end":{"line":69,"column":8}}},"4":{"name":"(anonymous_6)","decl":{"start":{"line":73,"column":6},"end":{"line":73,"column":7}},"loc":{"start":{"line":73,"column":16},"end":{"line":73,"column":89}}},"5":{"name":"(anonymous_7)","decl":{"start":{"line":77,"column":2},"end":{"line":77,"column":7}},"loc":{"start":{"line":77,"column":26},"end":{"line":105,"column":3}}},"6":{"name":"(anonymous_8)","decl":{"start":{"line":107,"column":2},"end":{"line":107,"column":7}},"loc":{"start":{"line":107,"column":48},"end":{"line":121,"column":3}}},"7":{"name":"(anonymous_9)","decl":{"start":{"line":123,"column":2},"end":{"line":123,"column":7}},"loc":{"start":{"line":123,"column":63},"end":{"line":143,"column":3}}}},"branchMap":{"0":{"loc":{"start":{"line":45,"column":15},"end":{"line":45,"column":34}},"type":"binary-expr","locations":[{"start":{"line":45,"column":15},"end":{"line":45,"column":28}},{"start":{"line":45,"column":32},"end":{"line":45,"column":34}}]},"1":{"loc":{"start":{"line":49,"column":21},"end":{"line":49,"column":40}},"type":"binary-expr","locations":[{"start":{"line":49,"column":21},"end":{"line":49,"column":34}},{"start":{"line":49,"column":38},"end":{"line":49,"column":40}}]},"2":{"loc":{"start":{"line":51,"column":15},"end":{"line":51,"column":38}},"type":"binary-expr","locations":[{"start":{"line":51,"column":15},"end":{"line":51,"column":33}},{"start":{"line":51,"column":37},"end":{"line":51,"column":38}}]},"3":{"loc":{"start":{"line":60,"column":15},"end":{"line":60,"column":33}},"type":"binary-expr","locations":[{"start":{"line":60,"column":15},"end":{"line":60,"column":27}},{"start":{"line":60,"column":31},"end":{"line":60,"column":33}}]},"4":{"loc":{"start":{"line":64,"column":21},"end":{"line":64,"column":40}},"type":"binary-expr","locations":[{"start":{"line":64,"column":21},"end":{"line":64,"column":34}},{"start":{"line":64,"column":38},"end":{"line":64,"column":40}}]},"5":{"loc":{"start":{"line":65,"column":21},"end":{"line":65,"column":60}},"type":"binary-expr","locations":[{"start":{"line":65,"column":21},"end":{"line":65,"column":47}},{"start":{"line":65,"column":51},"end":{"line":65,"column":60}}]},"6":{"loc":{"start":{"line":66,"column":15},"end":{"line":66,"column":43}},"type":"binary-expr","locations":[{"start":{"line":66,"column":15},"end":{"line":66,"column":38}},{"start":{"line":66,"column":42},"end":{"line":66,"column":43}}]},"7":{"loc":{"start":{"line":84,"column":4},"end":{"line":89,"column":5}},"type":"if","locations":[{"start":{"line":84,"column":4},"end":{"line":89,"column":5}},{"start":{},"end":{}}]},"8":{"loc":{"start":{"line":97,"column":4},"end":{"line":102,"column":5}},"type":"if","locations":[{"start":{"line":97,"column":4},"end":{"line":102,"column":5}},{"start":{},"end":{}}]},"9":{"loc":{"start":{"line":108,"column":4},"end":{"line":118,"column":5}},"type":"if","locations":[{"start":{"line":108,"column":4},"end":{"line":118,"column":5}},{"start":{"line":113,"column":11},"end":{"line":118,"column":5}}]},"10":{"loc":{"start":{"line":113,"column":11},"end":{"line":118,"column":5}},"type":"if","locations":[{"start":{"line":113,"column":11},"end":{"line":118,"column":5}},{"start":{},"end":{}}]},"11":{"loc":{"start":{"line":124,"column":4},"end":{"line":140,"column":5}},"type":"if","locations":[{"start":{"line":124,"column":4},"end":{"line":140,"column":5}},{"start":{"line":132,"column":11},"end":{"line":140,"column":5}}]},"12":{"loc":{"start":{"line":132,"column":11},"end":{"line":140,"column":5}},"type":"if","locations":[{"start":{"line":132,"column":11},"end":{"line":140,"column":5}},{"start":{},"end":{}}]},"13":{"loc":{"start":{"line":7,"column":30},"end":{"line":7,"column":46}},"type":"cond-expr","locations":[{"start":{"line":7,"column":43},"end":{"line":7,"column":46}},{"start":{"line":7,"column":43},"end":{"line":7,"column":46}}]},"14":{"loc":{"start":{"line":7,"column":30},"end":{"line":7,"column":43}},"type":"binary-expr","locations":[{"start":{"line":7,"column":30},"end":{"line":7,"column":46}},{"start":{"line":7,"column":30},"end":{"line":7,"column":43}}]}},"s":{"0":0,"1":0,"2":0,"3":0,"4":0,"5":0,"6":0,"7":0,"8":0,"9":0,"10":0,"11":0,"12":0,"13":0,"14":0,"15":0,"16":0,"17":0,"18":0,"19":0,"20":0,"21":0,"22":0,"23":0,"24":0,"25":0,"26":0,"27":0,"28":0,"29":0},"f":{"0":0,"1":0,"2":0,"3":0,"4":0,"5":0,"6":0,"7":0},"b":{"0":[0,0],"1":[0,0],"2":[0,0],"3":[0,0],"4":[0,0],"5":[0,0],"6":[0,0],"7":[0,0],"8":[0,0],"9":[0,0],"10":[0,0],"11":[0,0],"12":[0,0],"13":[0,0],"14":[0,0]}}
,"C:\\Users\\Hemachandiran\\Internship\\Nearzro\\nearzro-backend\\src\\audit\\audit.controller.ts": {"path":"C:\\Users\\Hemachandiran\\Internship\\Nearzro\\nearzro-backend\\src\\audit\\audit.controller.ts","statementMap":{"0":{"start":{"line":2,"column":0},"end":{"line":2,"column":null}},"1":{"start":{"line":8,"column":0},"end":{"line":8,"column":72}},"2":{"start":{"line":9,"column":0},"end":{"line":9,"column":57}},"3":{"start":{"line":10,"column":0},"end":{"line":10,"column":54}},"4":{"start":{"line":11,"column":0},"end":{"line":11,"column":59}},"5":{"start":{"line":17,"column":7},"end":{"line":38,"column":null}},"6":{"start":{"line":18,"column":31},"end":{"line":18,"column":39}},"7":{"start":{"line":23,"column":18},"end":{"line":23,"column":35}},"8":{"start":{"line":24,"column":17},"end":{"line":24,"column":32}},"9":{"start":{"line":25,"column":17},"end":{"line":25,"column":35}},"10":{"start":{"line":27,"column":4},"end":{"line":36,"column":7}},"11":{"start":{"line":17,"column":13},"end":{"line":17,"column":28}},"12":{"start":{"line":22,"column":8},"end":{"line":37,"column":null}},"13":{"start":{"line":17,"column":13},"end":{"line":38,"column":null}}},"fnMap":{"0":{"name":"(anonymous_4)","decl":{"start":{"line":18,"column":2},"end":{"line":18,"column":31}},"loc":{"start":{"line":18,"column":52},"end":{"line":18,"column":56}}},"1":{"name":"(anonymous_5)","decl":{"start":{"line":22,"column":8},"end":{"line":22,"column":12}},"loc":{"start":{"line":22,"column":42},"end":{"line":37,"column":3}}}},"branchMap":{"0":{"loc":{"start":{"line":23,"column":18},"end":{"line":23,"column":35}},"type":"binary-expr","locations":[{"start":{"line":23,"column":18},"end":{"line":23,"column":29}},{"start":{"line":23,"column":33},"end":{"line":23,"column":35}}]},"1":{"loc":{"start":{"line":24,"column":17},"end":{"line":24,"column":32}},"type":"binary-expr","locations":[{"start":{"line":24,"column":17},"end":{"line":24,"column":27}},{"start":{"line":24,"column":31},"end":{"line":24,"column":32}}]},"2":{"loc":{"start":{"line":29,"column":12},"end":{"line":29,"column":64}},"type":"binary-expr","locations":[{"start":{"line":29,"column":12},"end":{"line":29,"column":28}},{"start":{"line":29,"column":32},"end":{"line":29,"column":64}}]},"3":{"loc":{"start":{"line":30,"column":12},"end":{"line":30,"column":55}},"type":"binary-expr","locations":[{"start":{"line":30,"column":12},"end":{"line":30,"column":25}},{"start":{"line":30,"column":29},"end":{"line":30,"column":55}}]},"4":{"loc":{"start":{"line":31,"column":12},"end":{"line":31,"column":58}},"type":"binary-expr","locations":[{"start":{"line":31,"column":12},"end":{"line":31,"column":26}},{"start":{"line":31,"column":30},"end":{"line":31,"column":58}}]},"5":{"loc":{"start":{"line":22,"column":29},"end":{"line":22,"column":null}},"type":"cond-expr","locations":[{"start":{"line":22,"column":42},"end":{"line":22,"column":null}},{"start":{"line":22,"column":42},"end":{"line":22,"column":null}}]},"6":{"loc":{"start":{"line":22,"column":29},"end":{"line":22,"column":42}},"type":"binary-expr","locations":[{"start":{"line":22,"column":29},"end":{"line":22,"column":null}},{"start":{"line":22,"column":29},"end":{"line":22,"column":42}}]},"7":{"loc":{"start":{"line":18,"column":39},"end":{"line":18,"column":55}},"type":"cond-expr","locations":[{"start":{"line":18,"column":52},"end":{"line":18,"column":55}},{"start":{"line":18,"column":52},"end":{"line":18,"column":55}}]},"8":{"loc":{"start":{"line":18,"column":39},"end":{"line":18,"column":52}},"type":"binary-expr","locations":[{"start":{"line":18,"column":39},"end":{"line":18,"column":55}},{"start":{"line":18,"column":39},"end":{"line":18,"column":52}}]}},"s":{"0":0,"1":0,"2":0,"3":0,"4":0,"5":0,"6":0,"7":0,"8":0,"9":0,"10":0,"11":0,"12":0,"13":0},"f":{"0":0,"1":0},"b":{"0":[0,0],"1":[0,0],"2":[0,0],"3":[0,0],"4":[0,0],"5":[0,0],"6":[0,0],"7":[0,0],"8":[0,0]}}
,"C:\\Users\\Hemachandiran\\Internship\\Nearzro\\nearzro-backend\\src\\audit\\audit.interceptor.ts": {"path":"C:\\Users\\Hemachandiran\\Internship\\Nearzro\\nearzro-backend\\src\\audit\\audit.interceptor.ts","statementMap":{"0":{"start":{"line":1,"column":0},"end":{"line":1,"column":null}},"1":{"start":{"line":8,"column":0},"end":{"line":8,"column":41}},"2":{"start":{"line":9,"column":0},"end":{"line":9,"column":37}},"3":{"start":{"line":10,"column":0},"end":{"line":10,"column":47}},"4":{"start":{"line":11,"column":0},"end":{"line":11,"column":60}},"5":{"start":{"line":13,"column":0},"end":{"line":13,"column":67}},"6":{"start":{"line":16,"column":29},"end":{"line":60,"column":null}},"7":{"start":{"line":17,"column":28},"end":{"line":17,"column":61}},"8":{"start":{"line":20,"column":21},"end":{"line":20,"column":32}},"9":{"start":{"line":21,"column":21},"end":{"line":21,"column":35}},"10":{"start":{"line":25,"column":22},"end":{"line":25,"column":71}},"11":{"start":{"line":26,"column":4},"end":{"line":28,"column":5}},"12":{"start":{"line":27,"column":6},"end":{"line":27,"column":27}},"13":{"start":{"line":30,"column":16},"end":{"line":30,"column":51}},"14":{"start":{"line":31,"column":17},"end":{"line":31,"column":25}},"15":{"start":{"line":33,"column":4},"end":{"line":58,"column":6}},"16":{"start":{"line":35,"column":37},"end":{"line":51,"column":10}},"17":{"start":{"line":54,"column":8},"end":{"line":56,"column":11}},"18":{"start":{"line":55,"column":10},"end":{"line":55,"column":55}},"19":{"start":{"line":16,"column":13},"end":{"line":16,"column":29}},"20":{"start":{"line":16,"column":13},"end":{"line":60,"column":null}}},"fnMap":{"0":{"name":"(anonymous_2)","decl":{"start":{"line":19,"column":2},"end":{"line":19,"column":null}},"loc":{"start":{"line":21,"column":47},"end":{"line":22,"column":6}}},"1":{"name":"(anonymous_3)","decl":{"start":{"line":24,"column":2},"end":{"line":24,"column":11}},"loc":{"start":{"line":24,"column":56},"end":{"line":59,"column":3}}},"2":{"name":"(anonymous_4)","decl":{"start":{"line":34,"column":10},"end":{"line":34,"column":11}},"loc":{"start":{"line":34,"column":23},"end":{"line":57,"column":7}}},"3":{"name":"(anonymous_5)","decl":{"start":{"line":54,"column":46},"end":{"line":54,"column":47}},"loc":{"start":{"line":54,"column":54},"end":{"line":56,"column":9}}}},"branchMap":{"0":{"loc":{"start":{"line":26,"column":4},"end":{"line":28,"column":5}},"type":"if","locations":[{"start":{"line":26,"column":4},"end":{"line":28,"column":5}},{"start":{},"end":{}}]},"1":{"loc":{"start":{"line":20,"column":32},"end":{"line":20,"column":null}},"type":"cond-expr","locations":[{"start":{"line":20,"column":41},"end":{"line":20,"column":null}},{"start":{"line":20,"column":41},"end":{"line":20,"column":null}}]},"2":{"loc":{"start":{"line":20,"column":32},"end":{"line":20,"column":41}},"type":"binary-expr","locations":[{"start":{"line":20,"column":32},"end":{"line":20,"column":null}},{"start":{"line":20,"column":32},"end":{"line":20,"column":41}}]},"3":{"loc":{"start":{"line":20,"column":41},"end":{"line":21,"column":null}},"type":"cond-expr","locations":[{"start":{"line":21,"column":47},"end":{"line":21,"column":null}},{"start":{"line":21,"column":47},"end":{"line":21,"column":null}}]},"4":{"loc":{"start":{"line":20,"column":41},"end":{"line":21,"column":47}},"type":"binary-expr","locations":[{"start":{"line":20,"column":41},"end":{"line":21,"column":null}},{"start":{"line":21,"column":35},"end":{"line":21,"column":47}}]}},"s":{"0":0,"1":0,"2":0,"3":0,"4":0,"5":0,"6":0,"7":0,"8":0,"9":0,"10":0,"11":0,"12":0,"13":0,"14":0,"15":0,"16":0,"17":0,"18":0,"19":0,"20":0},"f":{"0":0,"1":0,"2":0,"3":0},"b":{"0":[0,0],"1":[0,0],"2":[0,0],"3":[0,0],"4":[0,0]}}
,"C:\\Users\\Hemachandiran\\Internship\\Nearzro\\nearzro-backend\\src\\audit\\audit.module.ts": {"path":"C:\\Users\\Hemachandiran\\Internship\\Nearzro\\nearzro-backend\\src\\audit\\audit.module.ts","statementMap":{"0":{"start":{"line":1,"column":0},"end":{"line":1,"column":40}},"1":{"start":{"line":2,"column":0},"end":{"line":2,"column":47}},"2":{"start":{"line":3,"column":0},"end":{"line":3,"column":55}},"3":{"start":{"line":4,"column":0},"end":{"line":4,"column":51}},"4":{"start":{"line":5,"column":0},"end":{"line":5,"column":60}},"5":{"start":{"line":6,"column":0},"end":{"line":6,"column":66}},"6":{"start":{"line":7,"column":0},"end":{"line":7,"column":52}},"7":{"start":{"line":20,"column":7},"end":{"line":20,"column":null}},"8":{"start":{"line":20,"column":13},"end":{"line":20,"column":24}},"9":{"start":{"line":20,"column":13},"end":{"line":20,"column":null}}},"fnMap":{},"branchMap":{},"s":{"0":0,"1":0,"2":0,"3":0,"4":0,"5":0,"6":0,"7":0,"8":0,"9":0},"f":{},"b":{}}
,"C:\\Users\\Hemachandiran\\Internship\\Nearzro\\nearzro-backend\\src\\audit\\audit.outbox.service.ts": {"path":"C:\\Users\\Hemachandiran\\Internship\\Nearzro\\nearzro-backend\\src\\audit\\audit.outbox.service.ts","statementMap":{"0":{"start":{"line":1,"column":0},"end":{"line":1,"column":52}},"1":{"start":{"line":2,"column":0},"end":{"line":2,"column":57}},"2":{"start":{"line":3,"column":0},"end":{"line":3,"column":59}},"3":{"start":{"line":6,"column":31},"end":{"line":54,"column":null}},"4":{"start":{"line":7,"column":28},"end":{"line":7,"column":63}},"5":{"start":{"line":9,"column":31},"end":{"line":9,"column":39}},"6":{"start":{"line":15,"column":18},"end":{"line":19,"column":6}},"7":{"start":{"line":21,"column":4},"end":{"line":21,"column":35}},"8":{"start":{"line":21,"column":28},"end":{"line":21,"column":35}},"9":{"start":{"line":23,"column":4},"end":{"line":52,"column":5}},"10":{"start":{"line":24,"column":6},"end":{"line":51,"column":7}},"11":{"start":{"line":25,"column":8},"end":{"line":39,"column":11}},"12":{"start":{"line":27,"column":10},"end":{"line":29,"column":13}},"13":{"start":{"line":32,"column":10},"end":{"line":38,"column":13}},"14":{"start":{"line":41,"column":8},"end":{"line":41,"column":84}},"15":{"start":{"line":43,"column":8},"end":{"line":50,"column":11}},"16":{"start":{"line":6,"column":13},"end":{"line":6,"column":31}},"17":{"start":{"line":6,"column":13},"end":{"line":54,"column":null}}},"fnMap":{"0":{"name":"(anonymous_2)","decl":{"start":{"line":9,"column":2},"end":{"line":9,"column":31}},"loc":{"start":{"line":9,"column":52},"end":{"line":9,"column":56}}},"1":{"name":"(anonymous_3)","decl":{"start":{"line":14,"column":2},"end":{"line":14,"column":7}},"loc":{"start":{"line":14,"column":44},"end":{"line":53,"column":3}}},"2":{"name":"(anonymous_4)","decl":{"start":{"line":25,"column":39},"end":{"line":25,"column":44}},"loc":{"start":{"line":25,"column":52},"end":{"line":39,"column":9}}}},"branchMap":{"0":{"loc":{"start":{"line":14,"column":21},"end":{"line":14,"column":44}},"type":"default-arg","locations":[{"start":{"line":14,"column":41},"end":{"line":14,"column":44}}]},"1":{"loc":{"start":{"line":21,"column":4},"end":{"line":21,"column":35}},"type":"if","locations":[{"start":{"line":21,"column":4},"end":{"line":21,"column":35}},{"start":{},"end":{}}]},"2":{"loc":{"start":{"line":48,"column":23},"end":{"line":48,"column":77}},"type":"cond-expr","locations":[{"start":{"line":48,"column":48},"end":{"line":48,"column":61}},{"start":{"line":48,"column":64},"end":{"line":48,"column":77}}]},"3":{"loc":{"start":{"line":9,"column":39},"end":{"line":9,"column":55}},"type":"cond-expr","locations":[{"start":{"line":9,"column":52},"end":{"line":9,"column":55}},{"start":{"line":9,"column":52},"end":{"line":9,"column":55}}]},"4":{"loc":{"start":{"line":9,"column":39},"end":{"line":9,"column":52}},"type":"binary-expr","locations":[{"start":{"line":9,"column":39},"end":{"line":9,"column":55}},{"start":{"line":9,"column":39},"end":{"line":9,"column":52}}]}},"s":{"0":0,"1":0,"2":0,"3":0,"4":0,"5":0,"6":0,"7":0,"8":0,"9":0,"10":0,"11":0,"12":0,"13":0,"14":0,"15":0,"16":0,"17":0},"f":{"0":0,"1":0,"2":0},"b":{"0":[0],"1":[0,0],"2":[0,0],"3":[0,0],"4":[0,0]}}
,"C:\\Users\\Hemachandiran\\Internship\\Nearzro\\nearzro-backend\\src\\audit\\audit.processor.ts": {"path":"C:\\Users\\Hemachandiran\\Internship\\Nearzro\\nearzro-backend\\src\\audit\\audit.processor.ts","statementMap":{"0":{"start":{"line":2,"column":0},"end":{"line":2,"column":52}},"1":{"start":{"line":3,"column":0},"end":{"line":3,"column":40}},"2":{"start":{"line":4,"column":0},"end":{"line":4,"column":59}},"3":{"start":{"line":5,"column":0},"end":{"line":5,"column":57}},"4":{"start":{"line":8,"column":27},"end":{"line":52,"column":null}},"5":{"start":{"line":9,"column":28},"end":{"line":9,"column":59}},"6":{"start":{"line":10,"column":32},"end":{"line":10,"column":35}},"7":{"start":{"line":12,"column":31},"end":{"line":12,"column":39}},"8":{"start":{"line":16,"column":18},"end":{"line":20,"column":6}},"9":{"start":{"line":22,"column":4},"end":{"line":50,"column":5}},"10":{"start":{"line":23,"column":6},"end":{"line":49,"column":7}},"11":{"start":{"line":24,"column":8},"end":{"line":26,"column":11}},"12":{"start":{"line":28,"column":8},"end":{"line":34,"column":11}},"13":{"start":{"line":36,"column":8},"end":{"line":36,"column":63}},"14":{"start":{"line":38,"column":8},"end":{"line":48,"column":11}},"15":{"start":{"line":8,"column":13},"end":{"line":8,"column":27}},"16":{"start":{"line":15,"column":8},"end":{"line":51,"column":null}},"17":{"start":{"line":8,"column":13},"end":{"line":52,"column":null}}},"fnMap":{"0":{"name":"(anonymous_2)","decl":{"start":{"line":12,"column":2},"end":{"line":12,"column":31}},"loc":{"start":{"line":12,"column":52},"end":{"line":12,"column":56}}},"1":{"name":"(anonymous_3)","decl":{"start":{"line":15,"column":8},"end":{"line":15,"column":15}},"loc":{"start":{"line":15,"column":15},"end":{"line":51,"column":3}}}},"branchMap":{"0":{"loc":{"start":{"line":43,"column":14},"end":{"line":45,"column":42}},"type":"cond-expr","locations":[{"start":{"line":44,"column":18},"end":{"line":44,"column":47}},{"start":{"line":45,"column":18},"end":{"line":45,"column":42}}]},"1":{"loc":{"start":{"line":15,"column":19},"end":{"line":15,"column":null}},"type":"cond-expr","locations":[{"start":{"line":15,"column":26},"end":{"line":15,"column":null}},{"start":{"line":15,"column":26},"end":{"line":15,"column":null}}]},"2":{"loc":{"start":{"line":15,"column":19},"end":{"line":15,"column":26}},"type":"binary-expr","locations":[{"start":{"line":15,"column":19},"end":{"line":15,"column":null}},{"start":{"line":15,"column":19},"end":{"line":15,"column":26}}]},"3":{"loc":{"start":{"line":12,"column":39},"end":{"line":12,"column":55}},"type":"cond-expr","locations":[{"start":{"line":12,"column":52},"end":{"line":12,"column":55}},{"start":{"line":12,"column":52},"end":{"line":12,"column":55}}]},"4":{"loc":{"start":{"line":12,"column":39},"end":{"line":12,"column":52}},"type":"binary-expr","locations":[{"start":{"line":12,"column":39},"end":{"line":12,"column":55}},{"start":{"line":12,"column":39},"end":{"line":12,"column":52}}]}},"s":{"0":0,"1":0,"2":0,"3":0,"4":0,"5":0,"6":0,"7":0,"8":0,"9":0,"10":0,"11":0,"12":0,"13":0,"14":0,"15":0,"16":0,"17":0},"f":{"0":0,"1":0},"b":{"0":[0,0],"1":[0,0],"2":[0,0],"3":[0,0],"4":[0,0]}}
[...]
,"C:\\Users\\Hemachandiran\\Internship\\Nearzro\\nearzro-backend\\src\\venues\\venues.module.ts": {"path":"C:\\Users\\Hemachandiran\\Internship\\Nearzro\\nearzro-backend\\src\\venues\\venues.module.ts","statementMap":{"0":{"start":{"line":1,"column":0},"end":{"line":1,"column":40}},"1":{"start":{"line":2,"column":0},"end":{"line":2,"column":55}},"2":{"start":{"line":3,"column":0},"end":{"line":3,"column":49}},"3":{"start":{"line":4,"column":0},"end":{"line":4,"column":55}},"4":{"start":{"line":11,"column":7},"end":{"line":11,"column":null}},"5":{"start":{"line":11,"column":13},"end":{"line":11,"column":25}},"6":{"start":{"line":11,"column":13},"end":{"line":11,"column":null}}},"fnMap":{},"branchMap":{},"s":{"0":0,"1":0,"2":0,"3":0,"4":0,"5":0,"6":0},"f":{},"b":{}}
,"C:\\Users\\Hemachandiran\\Internship\\Nearzro\\nearzro-backend\\src\\venues\\venues.service.ts": {"path":"C:\\Users\\Hemachandiran\\Internship\\Nearzro\\nearzro-backend\\src\\venues\\venues.service.ts","statementMap":{"0":{"start":{"line":1,"column":0},"end":{"line":1,"column":63}},"1":{"start":{"line":2,"column":0},"end":{"line":2,"column":57}},"2":{"start":{"line":4,"column":0},"end":{"line":4,"column":45}},"3":{"start":{"line":7,"column":7},"end":{"line":124,"column":null}},"4":{"start":{"line":8,"column":22},"end":{"line":8,"column":30}},"5":{"start":{"line":11,"column":18},"end":{"line":24,"column":6}},"6":{"start":{"line":26,"column":4},"end":{"line":28,"column":5}},"7":{"start":{"line":27,"column":6},"end":{"line":27,"column":67}},"8":{"start":{"line":30,"column":4},"end":{"line":30,"column":17}},"9":{"start":{"line":35,"column":2},"end":{"line":59,"column":5}},"10":{"start":{"line":64,"column":4},"end":{"line":66,"column":7}},"11":{"start":{"line":70,"column":18},"end":{"line":72,"column":6}},"12":{"start":{"line":74,"column":4},"end":{"line":76,"column":5}},"13":{"start":{"line":75,"column":6},"end":{"line":75,"column":67}},"14":{"start":{"line":78,"column":4},"end":{"line":81,"column":7}},"15":{"start":{"line":85,"column":18},"end":{"line":87,"column":6}},"16":{"start":{"line":89,"column":4},"end":{"line":91,"column":5}},"17":{"start":{"line":90,"column":6},"end":{"line":90,"column":67}},"18":{"start":{"line":93,"column":4},"end":{"line":96,"column":7}},"19":{"start":{"line":100,"column":4},"end":{"line":102,"column":7}},"20":{"start":{"line":106,"column":4},"end":{"line":110,"column":5}},"21":{"start":{"line":107,"column":6},"end":{"line":109,"column":9}},"22":{"start":{"line":112,"column":4},"end":{"line":122,"column":7}},"23":{"start":{"line":7,"column":13},"end":{"line":7,"column":26}},"24":{"start":{"line":7,"column":13},"end":{"line":124,"column":null}}},"fnMap":{"0":{"name":"(anonymous_2)","decl":{"start":{"line":8,"column":2},"end":{"line":8,"column":22}},"loc":{"start":{"line":8,"column":43},"end":{"line":8,"column":47}}},"1":{"name":"(anonymous_3)","decl":{"start":{"line":10,"column":2},"end":{"line":10,"column":7}},"loc":{"start":{"line":10,"column":27},"end":{"line":31,"column":3}}},"2":{"name":"(anonymous_4)","decl":{"start":{"line":34,"column":0},"end":{"line":34,"column":5}},"loc":{"start":{"line":34,"column":54},"end":{"line":60,"column":1}}},"3":{"name":"(anonymous_5)","decl":{"start":{"line":63,"column":2},"end":{"line":63,"column":7}},"loc":{"start":{"line":63,"column":25},"end":{"line":67,"column":3}}},"4":{"name":"(anonymous_6)","decl":{"start":{"line":69,"column":2},"end":{"line":69,"column":7}},"loc":{"start":{"line":69,"column":31},"end":{"line":82,"column":3}}},"5":{"name":"(anonymous_7)","decl":{"start":{"line":84,"column":2},"end":{"line":84,"column":7}},"loc":{"start":{"line":84,"column":30},"end":{"line":97,"column":3}}},"6":{"name":"(anonymous_8)","decl":{"start":{"line":99,"column":2},"end":{"line":99,"column":7}},"loc":{"start":{"line":99,"column":40},"end":{"line":103,"column":3}}},"7":{"name":"(anonymous_9)","decl":{"start":{"line":105,"column":2},"end":{"line":105,"column":7}},"loc":{"start":{"line":105,"column":34},"end":{"line":123,"column":3}}}},"branchMap":{"0":{"loc":{"start":{"line":26,"column":4},"end":{"line":28,"column":5}},"type":"if","locations":[{"start":{"line":26,"column":4},"end":{"line":28,"column":5}},{"start":{},"end":{}}]},"1":{"loc":{"start":{"line":74,"column":4},"end":{"line":76,"column":5}},"type":"if","locations":[{"start":{"line":74,"column":4},"end":{"line":76,"column":5}},{"start":{},"end":{}}]},"2":{"loc":{"start":{"line":89,"column":4},"end":{"line":91,"column":5}},"type":"if","locations":[{"start":{"line":89,"column":4},"end":{"line":91,"column":5}},{"start":{},"end":{}}]},"3":{"loc":{"start":{"line":106,"column":4},"end":{"line":110,"column":5}},"type":"if","locations":[{"start":{"line":106,"column":4},"end":{"line":110,"column":5}},{"start":{},"end":{}}]},"4":{"loc":{"start":{"line":8,"column":30},"end":{"line":8,"column":46}},"type":"cond-expr","locations":[{"start":{"line":8,"column":43},"end":{"line":8,"column":46}},{"start":{"line":8,"column":43},"end":{"line":8,"column":46}}]},"5":{"loc":{"start":{"line":8,"column":30},"end":{"line":8,"column":43}},"type":"binary-expr","locations":[{"start":{"line":8,"column":30},"end":{"line":8,"column":46}},{"start":{"line":8,"column":30},"end":{"line":8,"column":43}}]}},"s":{"0":0,"1":0,"2":0,"3":0,"4":0,"5":0,"6":0,"7":0,"8":0,"9":0,"10":0,"11":0,"12":0,"13":0,"14":0,"15":0,"16":0,"17":0,"18":0,"19":0,"20":0,"21":0,"22":0,"23":0,"24":0},"f":{"0":0,"1":0,"2":0,"3":0,"4":0,"5":0,"6":0,"7":0},"b":{"0":[0,0],"1":[0,0],"2":[0,0],"3":[0,0],"4":[0,0],"5":[0,0]}}
,"C:\\Users\\Hemachandiran\\Internship\\Nearzro\\nearzro-backend\\src\\venues\\availability\\availability.controller.ts": {"path":"C:\\Users\\Hemachandiran\\Internship\\Nearzro\\nearzro-backend\\src\\venues\\availability\\availability.controller.ts","statementMap":{"0":{"start":{"line":1,"column":0},"end":{"line":1,"column":null}},"1":{"start":{"line":9,"column":0},"end":{"line":9,"column":61}},"2":{"start":{"line":10,"column":0},"end":{"line":10,"column":57}},"3":{"start":{"line":11,"column":0},"end":{"line":11,"column":61}},"4":{"start":{"line":12,"column":0},"end":{"line":12,"column":64}},"5":{"start":{"line":13,"column":0},"end":{"line":13,"column":52}},"6":{"start":{"line":14,"column":0},"end":{"line":14,"column":53}},"7":{"start":{"line":18,"column":7},"end":{"line":39,"column":null}},"8":{"start":{"line":19,"column":22},"end":{"line":19,"column":43}},"9":{"start":{"line":26,"column":4},"end":{"line":30,"column":6}},"10":{"start":{"line":37,"column":4},"end":{"line":37,"column":65}},"11":{"start":{"line":18,"column":13},"end":{"line":18,"column":35}},"12":{"start":{"line":25,"column":2},"end":{"line":31,"column":null}},"13":{"start":{"line":36,"column":2},"end":{"line":38,"column":null}},"14":{"start":{"line":18,"column":13},"end":{"line":39,"column":null}}},"fnMap":{"0":{"name":"(anonymous_4)","decl":{"start":{"line":19,"column":2},"end":{"line":19,"column":22}},"loc":{"start":{"line":19,"column":62},"end":{"line":19,"column":66}}},"1":{"name":"(anonymous_5)","decl":{"start":{"line":25,"column":2},"end":{"line":25,"column":20}},"loc":{"start":{"line":25,"column":38},"end":{"line":31,"column":3}}},"2":{"name":"(anonymous_6)","decl":{"start":{"line":36,"column":2},"end":{"line":36,"column":17}},"loc":{"start":{"line":36,"column":51},"end":{"line":38,"column":3}}}},"branchMap":{"0":{"loc":{"start":{"line":19,"column":43},"end":{"line":19,"column":65}},"type":"cond-expr","locations":[{"start":{"line":19,"column":62},"end":{"line":19,"column":65}},{"start":{"line":19,"column":62},"end":{"line":19,"column":65}}]},"1":{"loc":{"start":{"line":19,"column":43},"end":{"line":19,"column":62}},"type":"binary-expr","locations":[{"start":{"line":19,"column":43},"end":{"line":19,"column":65}},{"start":{"line":19,"column":43},"end":{"line":19,"column":62}}]}},"s":{"0":0,"1":0,"2":0,"3":0,"4":0,"5":0,"6":0,"7":0,"8":0,"9":0,"10":0,"11":0,"12":0,"13":0,"14":0},"f":{"0":0,"1":0,"2":0},"b":{"0":[0,0],"1":[0,0]}}
,"C:\\Users\\Hemachandiran\\Internship\\Nearzro\\nearzro-backend\\src\\venues\\availability\\availability.module.ts": {"path":"C:\\Users\\Hemachandiran\\Internship\\Nearzro\\nearzro-backend\\src\\venues\\availability\\availability.module.ts","statementMap":{"0":{"start":{"line":1,"column":0},"end":{"line":1,"column":40}},"1":{"start":{"line":2,"column":0},"end":{"line":2,"column":67}},"2":{"start":{"line":3,"column":0},"end":{"line":3,"column":61}},"3":{"start":{"line":4,"column":0},"end":{"line":4,"column":60}},"4":{"start":{"line":10,"column":7},"end":{"line":10,"column":null}},"5":{"start":{"line":10,"column":13},"end":{"line":10,"column":31}},"6":{"start":{"line":10,"column":13},"end":{"line":10,"column":null}}},"fnMap":{},"branchMap":{},"s":{"0":0,"1":0,"2":0,"3":0,"4":0,"5":0,"6":0},"f":{},"b":{}}
,"C:\\Users\\Hemachandiran\\Internship\\Nearzro\\nearzro-backend\\src\\venues\\availability\\availability.service.ts": {"path":"C:\\Users\\Hemachandiran\\Internship\\Nearzro\\nearzro-backend\\src\\venues\\availability\\availability.service.ts","statementMap":{"0":{"start":{"line":1,"column":0},"end":{"line":1,"column":65}},"1":{"start":{"line":2,"column":0},"end":{"line":2,"column":60}},"2":{"start":{"line":3,"column":0},"end":{"line":3,"column":56}},"3":{"start":{"line":6,"column":7},"end":{"line":45,"column":null}},"4":{"start":{"line":7,"column":22},"end":{"line":7,"column":30}},"5":{"start":{"line":11,"column":20},"end":{"line":18,"column":6}},"6":{"start":{"line":20,"column":4},"end":{"line":22,"column":5}},"7":{"start":{"line":21,"column":6},"end":{"line":21,"column":59}},"8":{"start":{"line":24,"column":4},"end":{"line":32,"column":7}},"9":{"start":{"line":37,"column":4},"end":{"line":43,"column":7}},"10":{"start":{"line":6,"column":13},"end":{"line":6,"column":32}},"11":{"start":{"line":6,"column":13},"end":{"line":45,"column":null}}},"fnMap":{"0":{"name":"(anonymous_2)","decl":{"start":{"line":7,"column":2},"end":{"line":7,"column":22}},"loc":{"start":{"line":7,"column":43},"end":{"line":7,"column":47}}},"1":{"name":"(anonymous_3)","decl":{"start":{"line":10,"column":2},"end":{"line":10,"column":7}},"loc":{"start":{"line":10,"column":60},"end":{"line":33,"column":3}}},"2":{"name":"(anonymous_4)","decl":{"start":{"line":36,"column":2},"end":{"line":36,"column":7}},"loc":{"start":{"line":36,"column":35},"end":{"line":44,"column":3}}}},"branchMap":{"0":{"loc":{"start":{"line":20,"column":4},"end":{"line":22,"column":5}},"type":"if","locations":[{"start":{"line":20,"column":4},"end":{"line":22,"column":5}},{"start":{},"end":{}}]},"1":{"loc":{"start":{"line":7,"column":30},"end":{"line":7,"column":46}},"type":"cond-expr","locations":[{"start":{"line":7,"column":43},"end":{"line":7,"column":46}},{"start":{"line":7,"column":43},"end":{"line":7,"column":46}}]},"2":{"loc":{"start":{"line":7,"column":30},"end":{"line":7,"column":43}},"type":"binary-expr","locations":[{"start":{"line":7,"column":30},"end":{"line":7,"column":46}},{"start":{"line":7,"column":30},"end":{"line":7,"column":43}}]}},"s":{"0":0,"1":0,"2":0,"3":0,"4":0,"5":0,"6":0,"7":0,"8":0,"9":0,"10":0,"11":0},"f":{"0":0,"1":0,"2":0},"b":{"0":[0,0],"1":[0,0],"2":[0,0]}}
,"C:\\Users\\Hemachandiran\\Internship\\Nearzro\\nearzro-backend\\src\\venues\\booking\\booking.controller.ts": {"path":"C:\\Users\\Hemachandiran\\Internship\\Nearzro\\nearzro-backend\\src\\venues\\booking\\booking.controller.ts","statementMap":{"0":{"start":{"line":1,"column":0},"end":{"line":1,"column":72}},"1":{"start":{"line":3,"column":0},"end":{"line":3,"column":51}},"2":{"start":{"line":4,"column":0},"end":{"line":4,"column":57}},"3":{"start":{"line":5,"column":0},"end":{"line":5,"column":53}},"4":{"start":{"line":9,"column":7},"end":{"line":20,"column":null}},"5":{"start":{"line":10,"column":22},"end":{"line":10,"column":38}},"6":{"start":{"line":18,"column":4},"end":{"line":18,"column":70}},"7":{"start":{"line":9,"column":13},"end":{"line":9,"column":30}},"8":{"start":{"line":14,"column":2},"end":{"line":19,"column":null}},"9":{"start":{"line":9,"column":13},"end":{"line":20,"column":null}}},"fnMap":{"0":{"name":"(anonymous_4)","decl":{"start":{"line":10,"column":2},"end":{"line":10,"column":22}},"loc":{"start":{"line":10,"column":52},"end":{"line":10,"column":56}}},"1":{"name":"(anonymous_5)","decl":{"start":{"line":14,"column":2},"end":{"line":14,"column":6}},"loc":{"start":{"line":16,"column":58},"end":{"line":19,"column":3}}}},"branchMap":{"0":{"loc":{"start":{"line":10,"column":38},"end":{"line":10,"column":55}},"type":"cond-expr","locations":[{"start":{"line":10,"column":52},"end":{"line":10,"column":55}},{"start":{"line":10,"column":52},"end":{"line":10,"column":55}}]},"1":{"loc":{"start":{"line":10,"column":38},"end":{"line":10,"column":52}},"type":"binary-expr","locations":[{"start":{"line":10,"column":38},"end":{"line":10,"column":55}},{"start":{"line":10,"column":38},"end":{"line":10,"column":52}}]}},"s":{"0":0,"1":0,"2":0,"3":0,"4":0,"5":0,"6":0,"7":0,"8":0,"9":0},"f":{"0":0,"1":0},"b":{"0":[0,0],"1":[0,0]}}
,"C:\\Users\\Hemachandiran\\Internship\\Nearzro\\nearzro-backend\\src\\venues\\booking\\booking.module.ts": {"path":"C:\\Users\\Hemachandiran\\Internship\\Nearzro\\nearzro-backend\\src\\venues\\booking\\booking.module.ts","statementMap":{"0":{"start":{"line":1,"column":0},"end":{"line":1,"column":40}},"1":{"start":{"line":2,"column":0},"end":{"line":2,"column":57}},"2":{"start":{"line":3,"column":0},"end":{"line":3,"column":51}},"3":{"start":{"line":9,"column":7},"end":{"line":9,"column":null}},"4":{"start":{"line":9,"column":13},"end":{"line":9,"column":26}},"5":{"start":{"line":9,"column":13},"end":{"line":9,"column":null}}},"fnMap":{},"branchMap":{},"s":{"0":0,"1":0,"2":0,"3":0,"4":0,"5":0},"f":{},"b":{}}
,"C:\\Users\\Hemachandiran\\Internship\\Nearzro\\nearzro-backend\\src\\venues\\booking\\booking.service.ts": {"path":"C:\\Users\\Hemachandiran\\Internship\\Nearzro\\nearzro-backend\\src\\venues\\booking\\booking.service.ts","statementMap":{"0":{"start":{"line":1,"column":0},"end":{"line":1,"column":65}},"1":{"start":{"line":2,"column":0},"end":{"line":2,"column":60}},"2":{"start":{"line":3,"column":0},"end":{"line":3,"column":44}},"3":{"start":{"line":6,"column":7},"end":{"line":40,"column":null}},"4":{"start":{"line":7,"column":22},"end":{"line":7,"column":30}},"5":{"start":{"line":10,"column":17},"end":{"line":12,"column":6}},"6":{"start":{"line":14,"column":4},"end":{"line":16,"column":5}},"7":{"start":{"line":15,"column":6},"end":{"line":15,"column":54}},"8":{"start":{"line":18,"column":4},"end":{"line":20,"column":5}},"9":{"start":{"line":19,"column":6},"end":{"line":19,"column":59}},"10":{"start":{"line":23,"column":20},"end":{"line":28,"column":6}},"11":{"start":{"line":31,"column":4},"end":{"line":36,"column":7}},"12":{"start":{"line":38,"column":4},"end":{"line":38,"column":19}},"13":{"start":{"line":6,"column":13},"end":{"line":6,"column":27}},"14":{"start":{"line":6,"column":13},"end":{"line":40,"column":null}}},"fnMap":{"0":{"name":"(anonymous_2)","decl":{"start":{"line":7,"column":2},"end":{"line":7,"column":22}},"loc":{"start":{"line":7,"column":43},"end":{"line":7,"column":47}}},"1":{"name":"(anonymous_3)","decl":{"start":{"line":9,"column":2},"end":{"line":9,"column":7}},"loc":{"start":{"line":9,"column":55},"end":{"line":39,"column":3}}}},"branchMap":{"0":{"loc":{"start":{"line":14,"column":4},"end":{"line":16,"column":5}},"type":"if","locations":[{"start":{"line":14,"column":4},"end":{"line":16,"column":5}},{"start":{},"end":{}}]},"1":{"loc":{"start":{"line":18,"column":4},"end":{"line":20,"column":5}},"type":"if","locations":[{"start":{"line":18,"column":4},"end":{"line":20,"column":5}},{"start":{},"end":{}}]},"2":{"loc":{"start":{"line":7,"column":30},"end":{"line":7,"column":46}},"type":"cond-expr","locations":[{"start":{"line":7,"column":43},"end":{"line":7,"column":46}},{"start":{"line":7,"column":43},"end":{"line":7,"column":46}}]},"3":{"loc":{"start":{"line":7,"column":30},"end":{"line":7,"column":43}},"type":"binary-expr","locations":[{"start":{"line":7,"column":30},"end":{"line":7,"column":46}},{"start":{"line":7,"column":30},"end":{"line":7,"column":43}}]}},"s":{"0":0,"1":0,"2":0,"3":0,"4":0,"5":0,"6":0,"7":0,"8":0,"9":0,"10":0,"11":0,"12":0,"13":0,"14":0},"f":{"0":0,"1":0},"b":{"0":[0,0],"1":[0,0],"2":[0,0],"3":[0,0]}}
,"C:\\Users\\Hemachandiran\\Internship\\Nearzro\\nearzro-backend\\src\\venues\\dto\\create-venue.dto.ts": {"path":"C:\\Users\\Hemachandiran\\Internship\\Nearzro\\nearzro-backend\\src\\venues\\dto\\create-venue.dto.ts","statementMap":{"0":{"start":{"line":1,"column":0},"end":{"line":1,"column":46}},"1":{"start":{"line":2,"column":0},"end":{"line":2,"column":73}},"2":{"start":{"line":3,"column":0},"end":{"line":3,"column":43}},"3":{"start":{"line":8,"column":17},"end":{"line":8,"column":27}},"4":{"start":{"line":16,"column":24},"end":{"line":16,"column":26}},"5":{"start":{"line":20,"column":20},"end":{"line":20,"column":22}},"6":{"start":{"line":24,"column":17},"end":{"line":24,"column":31}},"7":{"start":{"line":28,"column":17},"end":{"line":28,"column":19}},"8":{"start":{"line":32,"column":20},"end":{"line":32,"column":28}},"9":{"start":{"line":36,"column":24},"end":{"line":36,"column":26}},"10":{"start":{"line":40,"column":24},"end":{"line":40,"column":27}},"11":{"start":{"line":44,"column":29},"end":{"line":44,"column":30}},"12":{"start":{"line":48,"column":29},"end":{"line":48,"column":30}},"13":{"start":{"line":52,"column":29},"end":{"line":52,"column":30}},"14":{"start":{"line":61,"column":23},"end":{"line":61,"column":25}},"15":{"start":{"line":70,"column":22},"end":{"line":70,"column":24}},"16":{"start":{"line":5,"column":0},"end":{"line":5,"column":13}},"17":{"start":{"line":8,"column":2},"end":{"line":8,"column":null}},"18":{"start":{"line":12,"column":2},"end":{"line":12,"column":null}},"19":{"start":{"line":16,"column":2},"end":{"line":16,"column":null}},"20":{"start":{"line":20,"column":2},"end":{"line":20,"column":null}},"21":{"start":{"line":24,"column":2},"end":{"line":24,"column":null}},"22":{"start":{"line":28,"column":2},"end":{"line":28,"column":null}},"23":{"start":{"line":32,"column":2},"end":{"line":32,"column":null}},"24":{"start":{"line":36,"column":2},"end":{"line":36,"column":null}},"25":{"start":{"line":40,"column":2},"end":{"line":40,"column":null}},"26":{"start":{"line":44,"column":2},"end":{"line":44,"column":null}},"27":{"start":{"line":48,"column":2},"end":{"line":48,"column":null}},"28":{"start":{"line":52,"column":2},"end":{"line":52,"column":null}},"29":{"start":{"line":61,"column":2},"end":{"line":61,"column":null}},"30":{"start":{"line":70,"column":2},"end":{"line":70,"column":null}}},"fnMap":{},"branchMap":{"0":{"loc":{"start":{"line":12,"column":8},"end":{"line":12,"column":18}},"type":"cond-expr","locations":[{"start":{"line":12,"column":17},"end":{"line":12,"column":18}},{"start":{"line":12,"column":17},"end":{"line":12,"column":18}}]},"1":{"loc":{"start":{"line":12,"column":8},"end":{"line":12,"column":17}},"type":"binary-expr","locations":[{"start":{"line":12,"column":8},"end":{"line":12,"column":18}},{"start":{"line":12,"column":8},"end":{"line":12,"column":17}}]}},"s":{"0":0,"1":0,"2":0,"3":0,"4":0,"5":0,"6":0,"7":0,"8":0,"9":0,"10":0,"11":0,"12":0,"13":0,"14":0,"15":0,"16":0,"17":0,"18":0,"19":0,"20":0,"21":0,"22":0,"23":0,"24":0,"25":0,"26":0,"27":0,"28":0,"29":0,"30":0},"f":{},"b":{"0":[0,0],"1":[0,0]}}
}
